epoch,loss,mean_absolute_error,val_loss,val_mean_absolute_error
0,0.089312590658664703,0.25975856184959412,0.073438152670860291,0.23414617776870728
1,0.087902233004570007,0.25757887959480286,0.07343776524066925,0.23414528369903564
2,0.088496215641498566,0.25900760293006897,0.073437340557575226,0.23414422571659088
3,0.087792366743087769,0.25755599141120911,0.073436923325061798,0.23414324223995209
4,0.08827635645866394,0.25851845741271973,0.07343648374080658,0.23414218425750732
5,0.08768501877784729,0.25797224044799805,0.073436155915260315,0.23414142429828644
6,0.089073963463306427,0.25924393534660339,0.073435701429843903,0.23414029181003571
7,0.088108323514461517,0.2574152946472168,0.073435328900814056,0.23413942754268646
8,0.088731966912746429,0.25879162549972534,0.073434896767139435,0.23413841426372528
9,0.088768228888511658,0.25934946537017822,0.073434524238109589,0.23413753509521484
10,0.088538132607936859,0.25940337777137756,0.073434136807918549,0.23413659632205963
11,0.088592201471328735,0.25852012634277344,0.073433712124824524,0.23413556814193726
12,0.088843703269958496,0.25937387347221375,0.073433279991149902,0.23413452506065369
13,0.088092729449272156,0.25843486189842224,0.073432847857475281,0.23413348197937012
14,0.089143611490726471,0.25931838154792786,0.073432408273220062,0.23413233458995819
15,0.088712178170681,0.25960958003997803,0.073432035744190216,0.23413144052028656
16,0.088660664856433868,0.25871202349662781,0.073431670665740967,0.23413057625293732
17,0.08909875899553299,0.25931686162948608,0.073431320488452911,0.23412972688674927
18,0.088033109903335571,0.25806629657745361,0.073430925607681274,0.23412877321243286
19,0.088641084730625153,0.25972038507461548,0.073430471122264862,0.23412767052650452
20,0.088439211249351501,0.25886887311935425,0.073430001735687256,0.2341264933347702
21,0.088462859392166138,0.2581666111946106,0.073429599404335022,0.2341255247592926
22,0.08864680677652359,0.25903806090354919,0.073429204523563385,0.234124556183815
23,0.088942050933837891,0.2590441107749939,0.073428764939308167,0.23412343859672546
24,0.088100634515285492,0.2584095299243927,0.07342827320098877,0.23412215709686279
25,0.088712207973003387,0.25937375426292419,0.073427841067314148,0.23412114381790161
26,0.088207244873046875,0.25858882069587708,0.073427431285381317,0.23412019014358521
27,0.089875325560569763,0.26050582528114319,0.073427073657512665,0.23411935567855835
28,0.089196041226387024,0.25969782471656799,0.073426634073257446,0.23411828279495239
29,0.088545657694339752,0.25792607665061951,0.073426142334938049,0.2341170459985733
30,0.089378796517848969,0.26014745235443115,0.073425732553005219,0.23411604762077332
31,0.08854181319475174,0.2588382363319397,0.073425382375717163,0.23411522805690765
32,0.089072085916996002,0.25997936725616455,0.073424942791461945,0.2341141402721405
33,0.08806946873664856,0.25842833518981934,0.07342461496591568,0.23411339521408081
34,0.088283151388168335,0.25884056091308594,0.073424212634563446,0.23411241173744202
35,0.088674761354923248,0.25956305861473083,0.073423862457275391,0.23411154747009277
36,0.08880191296339035,0.25887206196784973,0.07342345267534256,0.23411059379577637
37,0.08841366320848465,0.25773099064826965,0.073422975838184357,0.23410943150520325
38,0.089239180088043213,0.25931432843208313,0.07342258095741272,0.23410849273204803
39,0.089175589382648468,0.2593170702457428,0.073422141373157501,0.23410741984844208
40,0.08839571475982666,0.25901377201080322,0.073421768844127655,0.23410652577877045
41,0.090063236653804779,0.26037517189979553,0.073421373963356018,0.23410560190677643
42,0.088981769979000092,0.25898429751396179,0.073420964181423187,0.23410464823246002
43,0.087461575865745544,0.25705325603485107,0.073420561850070953,0.23410366475582123
44,0.089106746017932892,0.26000794768333435,0.073420234024524689,0.23410290479660034
45,0.088932737708091736,0.25927475094795227,0.07341989129781723,0.23410208523273468
46,0.088102445006370544,0.25743967294692993,0.073419436812400818,0.23410095274448395
47,0.088063359260559082,0.25763893127441406,0.073419064283370972,0.23410007357597351
48,0.088848277926445007,0.25881007313728333,0.073418647050857544,0.23409909009933472
49,0.088665798306465149,0.25909522175788879,0.073418319225311279,0.23409833014011383
50,0.087998494505882263,0.25816613435745239,0.073417864739894867,0.2340971976518631
51,0.08884643018245697,0.25849813222885132,0.073417507112026215,0.23409631848335266
52,0.08890794962644577,0.25947067141532898,0.073417052626609802,0.23409523069858551
53,0.088528633117675781,0.25833308696746826,0.073416635394096375,0.23409418761730194
54,0.088700458407402039,0.2595539391040802,0.073416218161582947,0.23409321904182434
55,0.088806577026844025,0.2596341073513031,0.073415867984294891,0.23409232497215271
56,0.088552780449390411,0.25846847891807556,0.073415488004684448,0.23409146070480347
57,0.088619112968444824,0.25876432657241821,0.073415093123912811,0.23409047722816467
58,0.089003399014472961,0.25918862223625183,0.073414668440818787,0.2340894490480423
59,0.087695226073265076,0.25851014256477356,0.073414288461208344,0.23408852517604828
60,0.088305100798606873,0.2573438286781311,0.073413945734500885,0.23408767580986023
61,0.088850744068622589,0.2593739926815033,0.073413588106632233,0.2340867817401886
62,0.089262284338474274,0.25948417186737061,0.073413237929344177,0.23408593237400055
63,0.088336393237113953,0.25898373126983643,0.073412865400314331,0.23408506810665131
64,0.088721476495265961,0.25928971171379089,0.073412418365478516,0.23408392071723938
65,0.089160412549972534,0.25923770666122437,0.073412030935287476,0.23408301174640656
66,0.089067660272121429,0.25890761613845825,0.07341168075799942,0.23408216238021851
67,0.087510257959365845,0.25701078772544861,0.073411330580711365,0.23408138751983643
68,0.088235482573509216,0.25756567716598511,0.073410965502262115,0.2340804785490036
69,0.088520444929599762,0.25815451145172119,0.073410622775554657,0.23407968878746033
70,0.088561587035655975,0.2592780590057373,0.073410242795944214,0.2340787798166275
71,0.08848726749420166,0.25877675414085388,0.07340984046459198,0.2340778261423111
72,0.089004091918468475,0.25936281681060791,0.073409482836723328,0.23407700657844543
73,0.088595472276210785,0.25864642858505249,0.073409132659435272,0.23407620191574097
74,0.088347636163234711,0.25810679793357849,0.073408730328083038,0.23407524824142456
75,0.089716218411922455,0.26026976108551025,0.073408327996730804,0.23407424986362457
76,0.089201442897319794,0.25931036472320557,0.073407955467700958,0.23407335579395294
77,0.089036375284194946,0.25937166810035706,0.073407687246799469,0.23407278954982758
78,0.088285833597183228,0.25872516632080078,0.073407359421253204,0.2340719997882843
79,0.088163122534751892,0.25875696539878845,0.073406994342803955,0.23407118022441864
80,0.088308088481426239,0.25854814052581787,0.073406636714935303,0.23407025635242462
81,0.089001432061195374,0.25983870029449463,0.073406271636486053,0.23406942188739777
82,0.088517576456069946,0.25862091779708862,0.073405846953392029,0.23406840860843658
83,0.08797609806060791,0.25789904594421387,0.073405422270298004,0.23406730592250824
84,0.088216744363307953,0.25777411460876465,0.073405042290687561,0.23406639695167542
85,0.088515527546405792,0.25885185599327087,0.073404617607593536,0.23406544327735901
86,0.088600054383277893,0.25944122672080994,0.073404185473918915,0.23406440019607544
87,0.08845771849155426,0.25872418284416199,0.073403842747211456,0.23406361043453217
88,0.088166661560535431,0.25886461138725281,0.073403410613536835,0.23406253755092621
89,0.088642403483390808,0.25921303033828735,0.073403067886829376,0.23406176269054413
90,0.088162094354629517,0.25795653462409973,0.073402784764766693,0.23406112194061279
91,0.089893929660320282,0.26024135947227478,0.073402337729930878,0.23406004905700684
92,0.088025428354740143,0.25800874829292297,0.073401905596256256,0.23405896127223969
93,0.089167140424251556,0.25984784960746765,0.073401540517807007,0.23405815660953522
94,0.087481826543807983,0.25725415349006653,0.073401108384132385,0.23405708372592926
95,0.088729895651340485,0.25928571820259094,0.073400706052780151,0.23405610024929047
96,0.08838798850774765,0.25823944807052612,0.073400281369686127,0.2340550571680069
97,0.088943362236022949,0.26002803444862366,0.07339988648891449,0.23405410349369049
98,0.089474275708198547,0.26000291109085083,0.073399454355239868,0.23405306041240692
99,0.088731743395328522,0.25861448049545288,0.073399119079113007,0.23405222594738007
100,0.088601134717464447,0.25841587781906128,0.073398709297180176,0.23405119776725769
101,0.089042641222476959,0.25981590151786804,0.073398411273956299,0.23405046761035919
102,0.088910661637783051,0.2588428258895874,0.073398053646087646,0.23404963314533234
103,0.089164033532142639,0.25915524363517761,0.073397651314735413,0.23404863476753235
104,0.088548265397548676,0.2581838071346283,0.073397174477577209,0.23404742777347565
105,0.0883588045835495,0.25895312428474426,0.073396854102611542,0.23404669761657715
106,0.089121207594871521,0.25954899191856384,0.073396548628807068,0.23404596745967865
107,0.088518880307674408,0.25858208537101746,0.073396116495132446,0.2340448796749115
108,0.088733360171318054,0.25934058427810669,0.073395736515522003,0.23404400050640106
109,0.088763996958732605,0.25901249051094055,0.073395371437072754,0.23404307663440704
110,0.088628634810447693,0.25892624258995056,0.073395013809204102,0.23404222726821899
111,0.08899427205324173,0.26032471656799316,0.073394671082496643,0.23404142260551453
112,0.087956629693508148,0.25846034288406372,0.073394261300563812,0.23404036462306976
113,0.088416077196598053,0.25851371884346008,0.073393911123275757,0.23403957486152649
114,0.088955886662006378,0.25895759463310242,0.073393434286117554,0.23403839766979218
115,0.089471839368343353,0.25949743390083313,0.073392949998378754,0.23403717577457428
116,0.089196205139160156,0.25905618071556091,0.073392555117607117,0.23403623700141907
117,0.088888935744762421,0.25937089323997498,0.073392115533351898,0.23403510451316833
118,0.089452460408210754,0.25999706983566284,0.073391735553741455,0.23403424024581909
119,0.089133463799953461,0.25920715928077698,0.073391348123550415,0.23403337597846985
120,0.088600121438503265,0.25972962379455566,0.073390983045101166,0.23403246700763702
121,0.088780507445335388,0.25908046960830688,0.073390521109104156,0.23403121531009674
122,0.087830506265163422,0.25776734948158264,0.073390208184719086,0.23403051495552063
123,0.088596843183040619,0.25963136553764343,0.073389813303947449,0.23402954638004303
124,0.089310586452484131,0.25962620973587036,0.073389410972595215,0.23402857780456543
125,0.088780239224433899,0.25859937071800232,0.073389068245887756,0.23402774333953857
126,0.08898964524269104,0.25966981053352356,0.073388777673244476,0.23402711749076843
127,0.08768036961555481,0.25675481557846069,0.073388360440731049,0.23402611911296844
128,0.087979599833488464,0.25847521424293518,0.073388062417507172,0.23402540385723114
129,0.087954483926296234,0.25755488872528076,0.073387704789638519,0.2340245395898819
130,0.088551662862300873,0.25906500220298767,0.073387302458286285,0.23402352631092072
131,0.08899177610874176,0.26005589962005615,0.073386892676353455,0.23402248322963715
132,0.088892087340354919,0.25916057825088501,0.073386535048484802,0.23402169346809387
133,0.088330492377281189,0.25866523385047913,0.073386266827583313,0.23402108252048492
134,0.088807351887226105,0.25906077027320862,0.073385775089263916,0.23401983082294464
135,0.088514223694801331,0.25803950428962708,0.073385357856750488,0.23401875793933868
136,0.089400574564933777,0.26037085056304932,0.073384925723075867,0.23401765525341034
137,0.088996559381484985,0.25941812992095947,0.073384575545787811,0.23401682078838348
138,0.088056564331054688,0.25787955522537231,0.073384247720241547,0.23401609063148499
139,0.087492838501930237,0.25718119740486145,0.073383837938308716,0.23401512205600739
140,0.088888317346572876,0.25929039716720581,0.073383428156375885,0.23401407897472382
141,0.087726667523384094,0.25812655687332153,0.073383033275604248,0.23401309549808502
142,0.089617364108562469,0.26092350482940674,0.07338259369134903,0.23401208221912384
143,0.088907241821289062,0.25878551602363586,0.073382176458835602,0.23401106894016266
144,0.088181376457214355,0.25877678394317627,0.073381796479225159,0.23401014506816864
145,0.089394181966781616,0.25986376404762268,0.073381476104259491,0.23400937020778656
146,0.088051535189151764,0.25838616490364075,0.073381051421165466,0.23400826752185822
147,0.088892750442028046,0.25942331552505493,0.073380671441555023,0.234007328748703
148,0.087138094007968903,0.2559753954410553,0.073380321264266968,0.23400644958019257
149,0.088270917534828186,0.25855210423469543,0.073379926383495331,0.23400548100471497
150,0.088773749768733978,0.25986403226852417,0.073379524052143097,0.23400446772575378
151,0.088170886039733887,0.2581559419631958,0.073379173874855042,0.23400364816188812
152,0.089233070611953735,0.26002141833305359,0.073378808796405792,0.23400269448757172
153,0.088939808309078217,0.25969782471656799,0.073378413915634155,0.23400171101093292
154,0.08897911012172699,0.25969406962394714,0.073378108441829681,0.23400099575519562
155,0.088754758238792419,0.25930154323577881,0.073377750813961029,0.23400013148784637
156,0.089065559208393097,0.25955376029014587,0.073377460241317749,0.23399947583675385
157,0.088676303625106812,0.25884956121444702,0.073377139866352081,0.23399870097637177
158,0.088706783950328827,0.25858315825462341,0.07337682694196701,0.23399792611598969
159,0.088577836751937866,0.25886991620063782,0.073376454412937164,0.23399697244167328
160,0.088119909167289734,0.25855919718742371,0.073376104235649109,0.23399618268013
161,0.08896462619304657,0.25935220718383789,0.073375731706619263,0.23399525880813599
162,0.088486775755882263,0.25881114602088928,0.073375359177589417,0.23399433493614197
163,0.088740430772304535,0.2589244544506073,0.07337496429681778,0.2339932918548584
164,0.088908389210700989,0.25925454497337341,0.073374584317207336,0.23399235308170319
165,0.087669394910335541,0.25740718841552734,0.07337421178817749,0.23399144411087036
166,0.087559185922145844,0.25740289688110352,0.073373809456825256,0.23399046063423157
167,0.087978750467300415,0.2577114999294281,0.07337343692779541,0.23398950695991516
168,0.088825568556785583,0.25870797038078308,0.073373027145862579,0.23398847877979279
169,0.089308574795722961,0.25969842076301575,0.073372669517993927,0.23398756980895996
170,0.089086949825286865,0.25947755575180054,0.073372311890125275,0.23398673534393311
171,0.08882354199886322,0.2594980001449585,0.073371954262256622,0.23398584127426147
172,0.088147476315498352,0.25845468044281006,0.073371671140193939,0.23398523032665253
173,0.087806649506092072,0.25784528255462646,0.073371261358261108,0.23398415744304657
174,0.088522017002105713,0.25923675298690796,0.073370940983295441,0.23398347198963165
175,0.087959907948970795,0.25844341516494751,0.073370717465877533,0.23398286104202271
176,0.089448258280754089,0.25971746444702148,0.07337033748626709,0.23398196697235107
177,0.088919475674629211,0.25910288095474243,0.073369868099689484,0.23398073017597198
178,0.087229162454605103,0.25641196966171265,0.073369555175304413,0.23398001492023468
179,0.089027650654315948,0.25988286733627319,0.073369204998016357,0.23397922515869141
180,0.088494755327701569,0.25849255919456482,0.073368862271308899,0.23397839069366455
181,0.088756680488586426,0.25946223735809326,0.073368526995182037,0.23397758603096008
182,0.089332640171051025,0.26042711734771729,0.073368184268474579,0.23397675156593323
183,0.088347576558589935,0.25843241810798645,0.073367759585380554,0.23397575318813324
184,0.088314317166805267,0.2579292356967926,0.073367401957511902,0.23397491872310638
185,0.088955901563167572,0.25928562879562378,0.073367029428482056,0.23397396504878998
186,0.088537469506263733,0.25869166851043701,0.07336658239364624,0.23397277295589447
187,0.088447004556655884,0.258495032787323,0.073366276919841766,0.23397208750247955
188,0.088274896144866943,0.25841400027275085,0.073366008698940277,0.23397141695022583
189,0.088605381548404694,0.25850221514701843,0.073365665972232819,0.23397064208984375
190,0.088755570352077484,0.25936684012413025,0.073365315794944763,0.23396974802017212
191,0.088261887431144714,0.25834769010543823,0.073364980518817902,0.23396891355514526
192,0.088544599711894989,0.25854864716529846,0.073364660143852234,0.23396818339824677
193,0.088644504547119141,0.25907450914382935,0.073364213109016418,0.23396699130535126
194,0.089160330593585968,0.26029908657073975,0.073363907635211945,0.23396636545658112
195,0.088233239948749542,0.2577584981918335,0.073363497853279114,0.23396530747413635
196,0.08842846006155014,0.25856867432594299,0.073363140225410461,0.23396441340446472
197,0.089198924601078033,0.26034143567085266,0.073362715542316437,0.23396334052085876
198,0.088583469390869141,0.25968247652053833,0.073362402617931366,0.23396264016628265
199,0.087759830057621002,0.25691860914230347,0.073362052440643311,0.23396177589893341
200,0.089640192687511444,0.26062428951263428,0.07336173951625824,0.23396106064319611
201,0.088681980967521667,0.25868305563926697,0.073361396789550781,0.23396015167236328
202,0.08762194961309433,0.25730198621749878,0.073360994458198547,0.23395915329456329
203,0.08919031172990799,0.25932216644287109,0.073360569775104523,0.23395809531211853
204,0.088888064026832581,0.25928619503974915,0.073360197246074677,0.23395723104476929
205,0.088433973491191864,0.25922524929046631,0.073359861969947815,0.23395641148090363
206,0.087983213365077972,0.25843927264213562,0.073359459638595581,0.23395542800426483
207,0.088523678481578827,0.25921177864074707,0.073359139263629913,0.23395465314388275
208,0.089047916233539581,0.25953003764152527,0.073358826339244843,0.23395392298698425
209,0.088099807500839233,0.25803476572036743,0.073358602821826935,0.23395347595214844
210,0.088522687554359436,0.25893625617027283,0.073358163237571716,0.23395229876041412
211,0.088943317532539368,0.2596396803855896,0.073357678949832916,0.23395106196403503
212,0.088767156004905701,0.25913077592849731,0.073357291519641876,0.23395006358623505
213,0.08890947699546814,0.25974389910697937,0.073356896638870239,0.23394908010959625
214,0.088513344526290894,0.25838637351989746,0.073356546461582184,0.23394820094108582
215,0.087625168263912201,0.25842422246932983,0.073356226086616516,0.23394736647605896
216,0.088964134454727173,0.25960561633110046,0.073355920612812042,0.23394668102264404
217,0.088632218539714813,0.25879156589508057,0.073355697095394135,0.23394621908664703
218,0.088487952947616577,0.25843152403831482,0.073355361819267273,0.23394538462162018
219,0.089385040104389191,0.26020047068595886,0.073354974389076233,0.23394440114498138
220,0.088441707193851471,0.2591097354888916,0.073354683816432953,0.23394371569156647
221,0.088916949927806854,0.25949358940124512,0.073354318737983704,0.23394277691841125
222,0.088469140231609344,0.25912702083587646,0.073353931307792664,0.23394186794757843
223,0.088352970778942108,0.25825333595275879,0.073353514075279236,0.23394075036048889
224,0.088602088391780853,0.25930920243263245,0.073353148996829987,0.23393988609313965
225,0.08861590176820755,0.25973868370056152,0.073352836072444916,0.23393915593624115
226,0.088189244270324707,0.25857099890708923,0.073352523148059845,0.23393844068050385
227,0.089010454714298248,0.25962617993354797,0.073352150619029999,0.23393748700618744
228,0.08906843513250351,0.2594180703163147,0.073351860046386719,0.23393687605857849
229,0.088334932923316956,0.25818523764610291,0.073351457715034485,0.23393590748310089
230,0.088321119546890259,0.25867420434951782,0.07335112988948822,0.23393507301807404
231,0.088953852653503418,0.25957140326499939,0.073350794613361359,0.23393434286117554
232,0.088075615465641022,0.25837805867195129,0.073350384831428528,0.23393329977989197
233,0.088498614728450775,0.25877785682678223,0.073350042104721069,0.23393251001834869
234,0.088113680481910706,0.25795769691467285,0.073349647223949432,0.23393154144287109
235,0.088876582682132721,0.25886136293411255,0.073349282145500183,0.23393064737319946
236,0.088646799325942993,0.25858587026596069,0.073348939418792725,0.233929842710495
237,0.088938206434249878,0.25957253575325012,0.073348559439182281,0.2339288592338562
238,0.088261134922504425,0.25886991620063782,0.073348194360733032,0.23392800986766815
239,0.08832424134016037,0.25872042775154114,0.073347829282283783,0.23392710089683533
240,0.088604480028152466,0.2592700719833374,0.073347494006156921,0.23392628133296967
241,0.088359639048576355,0.25915643572807312,0.073347128927707672,0.23392535746097565
242,0.088790059089660645,0.25958892703056335,0.073346786201000214,0.2339244931936264
243,0.088072553277015686,0.25820976495742798,0.073346443474292755,0.23392362892627716
244,0.088735096156597137,0.2584507167339325,0.07334611564874649,0.23392288386821747
245,0.08893287181854248,0.25995969772338867,0.073345758020877838,0.23392201960086823
246,0.089810982346534729,0.26053509116172791,0.073345459997653961,0.23392131924629211
247,0.088005349040031433,0.25808551907539368,0.073345035314559937,0.23392020165920258
248,0.088822551071643829,0.25913605093955994,0.073344707489013672,0.2339194267988205
249,0.088961988687515259,0.25959843397140503,0.073344290256500244,0.23391842842102051
250,0.088694348931312561,0.25893175601959229,0.073343954980373383,0.23391757905483246
251,0.088901638984680176,0.26014503836631775,0.073343589901924133,0.23391665518283844
252,0.088868036866188049,0.25890415906906128,0.073343187570571899,0.23391561210155487
253,0.08906661719083786,0.26004961133003235,0.073342874646186829,0.2339148074388504
254,0.08937671035528183,0.25979498028755188,0.073342546820640564,0.23391397297382355
255,0.088362328708171844,0.25904899835586548,0.073342204093933105,0.23391315340995789
256,0.088945500552654266,0.25936543941497803,0.073341839015483856,0.23391225934028625
257,0.087450973689556122,0.25756040215492249,0.073341444134712219,0.23391127586364746
258,0.088744387030601501,0.25882363319396973,0.073341138660907745,0.23391050100326538
259,0.088758893311023712,0.25846731662750244,0.073340751230716705,0.23390954732894897
260,0.088469788432121277,0.25894156098365784,0.073340356349945068,0.23390850424766541
261,0.088940218091011047,0.26010486483573914,0.073339976370334625,0.233907550573349
262,0.088445834815502167,0.25875550508499146,0.073339663445949554,0.2339068204164505
263,0.088563837110996246,0.25902953743934631,0.073339343070983887,0.23390601575374603
264,0.087752871215343475,0.25786161422729492,0.073339000344276428,0.2339051216840744
265,0.088718578219413757,0.25889381766319275,0.07333865761756897,0.23390427231788635
266,0.088795624673366547,0.25932055711746216,0.073338344693183899,0.23390345275402069
267,0.08810386061668396,0.25854131579399109,0.073338039219379425,0.23390275239944458
268,0.087910234928131104,0.2582210898399353,0.073337733745574951,0.23390202224254608
269,0.08871990442276001,0.25845348834991455,0.07333742082118988,0.23390132188796997
270,0.088662616908550262,0.25843241810798645,0.073337115347385406,0.2339005321264267
271,0.088421449065208435,0.25897610187530518,0.073336794972419739,0.23389977216720581
272,0.088527515530586243,0.25933408737182617,0.073336400091648102,0.23389877378940582
273,0.088726386427879333,0.25884765386581421,0.073336035013198853,0.23389787971973419
274,0.088569551706314087,0.25845104455947876,0.073335736989974976,0.2338971346616745
275,0.089059345424175262,0.26004841923713684,0.073335401713848114,0.23389630019664764
276,0.088239774107933044,0.25842204689979553,0.073335066437721252,0.23389542102813721
277,0.08848465234041214,0.25863602757453918,0.073334760963916779,0.2338947206735611
278,0.087809540331363678,0.25722786784172058,0.07333441823720932,0.23389385640621185
279,0.089398376643657684,0.26001843810081482,0.073334097862243652,0.23389309644699097
280,0.088973812758922577,0.25956001877784729,0.073333792388439178,0.23389238119125366
281,0.088932842016220093,0.25942367315292358,0.073333419859409332,0.23389138281345367
282,0.088748589158058167,0.25922253727912903,0.073333084583282471,0.23389053344726562
283,0.088874980807304382,0.25953689217567444,0.073332756757736206,0.23388972878456116
284,0.08891083300113678,0.25976544618606567,0.073332317173480988,0.23388858139514923
285,0.08805420994758606,0.25785347819328308,0.073331944644451141,0.23388762772083282
286,0.089191682636737823,0.26017975807189941,0.073331601917743683,0.23388679325580597
287,0.08878028392791748,0.26025179028511047,0.073331281542778015,0.2338860034942627
288,0.088231056928634644,0.25749793648719788,0.073330916464328766,0.23388509452342987
289,0.089096538722515106,0.25953313708305359,0.07333054393529892,0.23388412594795227
290,0.088183656334877014,0.25794070959091187,0.073330126702785492,0.23388300836086273
291,0.088699646294116974,0.25869706273078918,0.073329776525497437,0.23388218879699707
292,0.089904725551605225,0.26118135452270508,0.073329441249370575,0.23388132452964783
293,0.088311284780502319,0.25817281007766724,0.073329180479049683,0.23388078808784485
294,0.088678158819675446,0.25865134596824646,0.073328904807567596,0.23388010263442993
295,0.088128812611103058,0.25875264406204224,0.07332862913608551,0.23387947678565979
296,0.089322179555892944,0.25959798693656921,0.073328316211700439,0.23387870192527771
297,0.088726304471492767,0.25942462682723999,0.073327973484992981,0.23387789726257324
298,0.088664382696151733,0.25923743844032288,0.073327690362930298,0.23387719690799713
299,0.088709376752376556,0.2594626247882843,0.073327295482158661,0.23387616872787476
300,0.088651679456233978,0.25873306393623352,0.073326960206031799,0.2338753342628479
301,0.088273189961910248,0.25843238830566406,0.073326639831066132,0.23387452960014343
302,0.089099697768688202,0.25910615921020508,0.073326259851455688,0.23387357592582703
303,0.087923869490623474,0.25778791308403015,0.073325894773006439,0.2338726818561554
304,0.088641718029975891,0.25888237357139587,0.073325641453266144,0.23387213051319122
305,0.088430404663085938,0.25873607397079468,0.073325321078300476,0.23387128114700317
306,0.088015265762805939,0.25760453939437866,0.073325023055076599,0.23387058079242706
307,0.088868483901023865,0.25940784811973572,0.073324710130691528,0.23386988043785095
308,0.0882912278175354,0.25831353664398193,0.073324434459209442,0.23386920988559723
309,0.0879674032330513,0.25844088196754456,0.073324121534824371,0.23386852443218231
310,0.089219659566879272,0.25975242257118225,0.073323771357536316,0.23386766016483307
311,0.089077562093734741,0.25907382369041443,0.073323428630828857,0.2338668555021286
312,0.088770240545272827,0.25853914022445679,0.07332303375005722,0.23386585712432861
313,0.088666893541812897,0.25873938202857971,0.073322705924510956,0.23386500775814056
314,0.08898133784532547,0.2592814564704895,0.07332233339548111,0.23386406898498535
315,0.089136771857738495,0.25970283150672913,0.07332206517457962,0.23386342823505402
316,0.088969781994819641,0.25874152779579163,0.073321662843227386,0.23386238515377045
317,0.087455280125141144,0.25730910897254944,0.07332136482000351,0.23386171460151672
318,0.08831285685300827,0.2578321099281311,0.073321059346199036,0.23386096954345703
319,0.088902220129966736,0.25952398777008057,0.073320791125297546,0.23386040329933167
320,0.088136248290538788,0.25784033536911011,0.073320485651493073,0.233859583735466
321,0.088388808071613312,0.2590630054473877,0.073320142924785614,0.23385873436927795
322,0.088521167635917664,0.25838771462440491,0.073319777846336365,0.23385787010192871
323,0.088056460022926331,0.25768133997917175,0.073319382965564728,0.23385685682296753
324,0.088150031864643097,0.25821954011917114,0.073319107294082642,0.233856201171875
325,0.088671460747718811,0.25941669940948486,0.073318749666213989,0.23385535180568695
326,0.089474983513355255,0.26073327660560608,0.073318473994731903,0.23385472595691681
327,0.088285639882087708,0.25853198766708374,0.073318220674991608,0.23385423421859741
328,0.08924400806427002,0.25973793864250183,0.073317930102348328,0.23385360836982727
329,0.088373295962810516,0.25852915644645691,0.073317565023899078,0.23385262489318848
330,0.088528528809547424,0.25912734866142273,0.073317207396030426,0.23385167121887207
331,0.08811892569065094,0.2580382227897644,0.07331693172454834,0.23385109007358551
332,0.089153677225112915,0.25987020134925842,0.073316656053066254,0.23385047912597656
333,0.088128164410591125,0.25793763995170593,0.073316343128681183,0.23384968936443329
334,0.088801801204681396,0.25875616073608398,0.073316015303134918,0.23384889960289001
335,0.089088968932628632,0.26014775037765503,0.073315724730491638,0.23384813964366913
336,0.088002830743789673,0.25773712992668152,0.07331540435552597,0.23384737968444824
337,0.088703922927379608,0.25896164774894714,0.073315069079399109,0.23384658992290497
338,0.088730253279209137,0.25921282172203064,0.073314756155014038,0.23384585976600647
339,0.088869966566562653,0.25855985283851624,0.073314443230628967,0.23384509980678558
340,0.089332811534404755,0.26083922386169434,0.073314167559146881,0.23384436964988708
341,0.089258566498756409,0.2597789466381073,0.07331383228302002,0.23384363949298859
342,0.088743127882480621,0.25929003953933716,0.073313497006893158,0.23384274542331696
343,0.088323391973972321,0.25859585404396057,0.07331317663192749,0.23384200036525726
344,0.088609226047992706,0.2588152289390564,0.073312900960445404,0.23384134471416473
345,0.088338375091552734,0.25824984908103943,0.073312632739543915,0.23384071886539459
346,0.087825387716293335,0.25789296627044678,0.073312349617481232,0.23384006321430206
347,0.0891718789935112,0.25997427105903625,0.073312133550643921,0.23383958637714386
348,0.088527068495750427,0.25907456874847412,0.073311828076839447,0.23383882641792297
349,0.089639358222484589,0.26051434874534607,0.073311492800712585,0.23383808135986328
350,0.088409163057804108,0.25818884372711182,0.07331114262342453,0.23383718729019165
351,0.089003585278987885,0.2595827579498291,0.073310784995555878,0.23383632302284241
352,0.088756509125232697,0.25908887386322021,0.073310449719429016,0.23383548855781555
353,0.088176727294921875,0.25814548134803772,0.073310129344463348,0.2338346540927887
354,0.088259130716323853,0.25836226344108582,0.073309838771820068,0.23383396863937378
355,0.087558798491954803,0.25716367363929749,0.073309540748596191,0.23383320868015289
356,0.088838063180446625,0.25872328877449036,0.073309250175952911,0.23383247852325439
357,0.089535899460315704,0.26055479049682617,0.073308892548084259,0.23383162915706635
358,0.088189631700515747,0.25841262936592102,0.073308557271957397,0.23383074998855591
359,0.087596610188484192,0.2567753791809082,0.073308177292346954,0.23382987082004547
360,0.089114047586917877,0.25929558277130127,0.073307894170284271,0.23382923007011414
361,0.088204935193061829,0.25934571027755737,0.073307573795318604,0.23382839560508728
362,0.088774353265762329,0.25920921564102173,0.073307320475578308,0.23382781445980072
363,0.089097470045089722,0.25978580117225647,0.073307015001773834,0.23382697999477386
364,0.089192330837249756,0.26025128364562988,0.073306694626808167,0.23382624983787537
365,0.088987134397029877,0.25961744785308838,0.073306329548358917,0.23382535576820374
366,0.087746702134609222,0.25722938776016235,0.073305957019329071,0.23382443189620972
367,0.088637836277484894,0.258465975522995,0.07330554723739624,0.23382337391376495
368,0.089058801531791687,0.25977399945259094,0.073305167257785797,0.23382239043712616
369,0.087890744209289551,0.25805222988128662,0.073304884135723114,0.23382164537906647
370,0.088247813284397125,0.25866407155990601,0.073304519057273865,0.23382075130939484
371,0.087946608662605286,0.25755643844604492,0.073304250836372375,0.23382017016410828
372,0.089047960937023163,0.25956633687019348,0.073303915560245514,0.23381935060024261
373,0.089096374809741974,0.25967684388160706,0.073303595185279846,0.23381854593753815
374,0.088225334882736206,0.25856828689575195,0.073303341865539551,0.23381805419921875
375,0.08818778395652771,0.25857928395271301,0.073303051292896271,0.23381730914115906
376,0.088729135692119598,0.25969517230987549,0.073302745819091797,0.23381657898426056
377,0.088995397090911865,0.25968191027641296,0.073302388191223145,0.23381565511226654
378,0.088445335626602173,0.25825810432434082,0.073302119970321655,0.23381495475769043
379,0.089067056775093079,0.25890001654624939,0.073301799595355988,0.23381419479846954
380,0.088737674057483673,0.25871032476425171,0.073301531374454498,0.23381350934505463
381,0.08861493319272995,0.25919228792190552,0.073301255702972412,0.2338128387928009
382,0.088708840310573578,0.25866955518722534,0.073300890624523163,0.23381195962429047
383,0.088745534420013428,0.2590143084526062,0.073300540447235107,0.23381108045578003
384,0.088195860385894775,0.25811338424682617,0.07330024242401123,0.23381040990352631
385,0.087669998407363892,0.25785872340202332,0.073299974203109741,0.23380984365940094
386,0.089678838849067688,0.26016148924827576,0.073299653828144073,0.23380914330482483
387,0.0893520787358284,0.26001742482185364,0.073299303650856018,0.2338082492351532
388,0.088766284286975861,0.25909659266471863,0.073299035429954529,0.23380756378173828
389,0.089054785668849945,0.25996449589729309,0.073298655450344086,0.23380661010742188
390,0.088235653936862946,0.25796207785606384,0.073298290371894836,0.23380564153194427
391,0.088666893541812897,0.25907355546951294,0.073297969996929169,0.23380488157272339
392,0.08793368935585022,0.25767996907234192,0.073297664523124695,0.23380404710769653
393,0.088514208793640137,0.25878790020942688,0.073297291994094849,0.23380306363105774
394,0.088385656476020813,0.2591019868850708,0.073297001421451569,0.23380239307880402
395,0.089194461703300476,0.25903177261352539,0.073296636343002319,0.23380149900913239
396,0.08885791152715683,0.25912308692932129,0.073296241462230682,0.23380044102668762
397,0.08920162171125412,0.25962984561920166,0.073295906186103821,0.23379965126514435
398,0.087606735527515411,0.25718611478805542,0.073295563459396362,0.23379874229431152
399,0.089012332260608673,0.25944331288337708,0.073295183479785919,0.23379775881767273
400,0.088757619261741638,0.26002252101898193,0.073294855654239655,0.23379696905612946
401,0.089103303849697113,0.25904721021652222,0.073294632136821747,0.23379649221897125
402,0.088861912488937378,0.25947114825248718,0.073294311761856079,0.23379568755626678
403,0.08928932249546051,0.26017028093338013,0.073293961584568024,0.23379473388195038
404,0.088772669434547424,0.25923752784729004,0.073293648660182953,0.23379403352737427
405,0.089000113308429718,0.25941896438598633,0.073293261229991913,0.23379307985305786
406,0.088756032288074493,0.25913360714912415,0.073292896151542664,0.23379220068454742
407,0.088564306497573853,0.25867787003517151,0.07329251617193222,0.23379120230674744
408,0.089027382433414459,0.25919929146766663,0.073292210698127747,0.23379039764404297
409,0.087913461029529572,0.25802871584892273,0.073291897773742676,0.23378956317901611
410,0.088103331625461578,0.25812101364135742,0.07329154759645462,0.23378869891166687
411,0.088768310844898224,0.25983318686485291,0.073291197419166565,0.23378781974315643
412,0.088231734931468964,0.25785747170448303,0.073290921747684479,0.23378714919090271
413,0.088663347065448761,0.25863674283027649,0.073290623724460602,0.23378653824329376
414,0.089083872735500336,0.25971707701683044,0.073290325701236725,0.23378583788871765
415,0.08921455591917038,0.25929796695709229,0.073290005326271057,0.23378504812717438
416,0.088116668164730072,0.25777080655097961,0.073289699852466583,0.23378428816795349
417,0.087699420750141144,0.25791248679161072,0.073289401829242706,0.23378355801105499
418,0.088379465043544769,0.25923809409141541,0.073289088904857635,0.2337828129529953
419,0.088604062795639038,0.25872054696083069,0.073288828134536743,0.23378218710422516
420,0.088072940707206726,0.25841867923736572,0.07328864187002182,0.23378181457519531
421,0.089221201837062836,0.26056718826293945,0.073288403451442719,0.2337813526391983
422,0.088945202529430389,0.25875973701477051,0.073288112878799438,0.233780637383461
423,0.089073039591312408,0.25992763042449951,0.073287777602672577,0.23377972841262817
424,0.087618663907051086,0.25769320130348206,0.073287539184093475,0.233779177069664
425,0.088303282856941223,0.25845009088516235,0.073287241160869598,0.23377850651741028
426,0.088290810585021973,0.25864455103874207,0.073286935687065125,0.2337777316570282
427,0.088829688727855682,0.25904569029808044,0.073286637663841248,0.23377706110477448
428,0.088710904121398926,0.25902941823005676,0.07328631728887558,0.23377633094787598
429,0.089320488274097443,0.25939419865608215,0.073285967111587524,0.23377537727355957
430,0.088659726083278656,0.25913184881210327,0.073285683989524841,0.23377470672130585
431,0.08794374018907547,0.25731134414672852,0.073285363614559174,0.23377397656440735
432,0.088460475206375122,0.25900319218635559,0.073285050690174103,0.23377324640750885
433,0.088423721492290497,0.25859713554382324,0.073284827172756195,0.23377270996570587
434,0.088999442756175995,0.25962582230567932,0.073284447193145752,0.23377181589603424
435,0.088507704436779022,0.25919508934020996,0.073284156620502472,0.23377110064029694
436,0.089354716241359711,0.25968402624130249,0.073283813893795013,0.2337702214717865
437,0.088721215724945068,0.25857552886009216,0.073283523321151733,0.23376953601837158
438,0.089020282030105591,0.26013535261154175,0.073283247649669647,0.2337690144777298
439,0.088287129998207092,0.2583065927028656,0.073282986879348755,0.23376831412315369
440,0.088612161576747894,0.25932449102401733,0.073282703757286072,0.23376761376857758
441,0.089615128934383392,0.26052495837211609,0.073282361030578613,0.23376676440238953
442,0.08861919492483139,0.25904285907745361,0.073282033205032349,0.23376592993736267
443,0.088457025587558746,0.2587704062461853,0.073281772434711456,0.23376531898975372
444,0.088603772222995758,0.25908353924751282,0.073281481862068176,0.23376463353633881
445,0.088939107954502106,0.2595076858997345,0.073281094431877136,0.23376362025737762
446,0.089366994798183441,0.25985875725746155,0.073280729353427887,0.23376269638538361
447,0.089339539408683777,0.25984349846839905,0.073280446231365204,0.23376202583312988
448,0.088234089314937592,0.25848773121833801,0.073280163109302521,0.23376138508319855
449,0.087862744927406311,0.25781336426734924,0.073279812932014465,0.23376046121120453
450,0.088306240737438202,0.25837209820747375,0.073279485106468201,0.23375970125198364
451,0.088879972696304321,0.2594698965549469,0.073279134929180145,0.23375877737998962
452,0.088454470038414001,0.25985786318778992,0.073278866708278656,0.23375807702541351
453,0.089098036289215088,0.26033267378807068,0.073278523981571198,0.23375725746154785
454,0.087959453463554382,0.25763145089149475,0.073278181254863739,0.2337564080953598
455,0.087900057435035706,0.25753527879714966,0.073277860879898071,0.23375561833381653
456,0.088509313762187958,0.25839069485664368,0.073277570307254791,0.23375488817691803
457,0.088933080434799194,0.25914183259010315,0.073277242481708527,0.23375409841537476
458,0.088931821286678314,0.25967615842819214,0.073276974260807037,0.23375353217124939
459,0.088712893426418304,0.25955185294151306,0.073276616632938385,0.23375257849693298
460,0.088446959853172302,0.25859931111335754,0.073276281356811523,0.23375169932842255
461,0.088014662265777588,0.25808516144752502,0.073275983333587646,0.23375099897384644
462,0.088285759091377258,0.25837299227714539,0.07327568531036377,0.23375023901462555
463,0.088502123951911926,0.25925582647323608,0.073275350034236908,0.23374943435192108
464,0.088709264993667603,0.25932848453521729,0.073275081813335419,0.23374880850315094
465,0.089341059327125549,0.26001033186912537,0.073274731636047363,0.2337479442358017
466,0.088485009968280792,0.25902846455574036,0.073274433612823486,0.2337472140789032
467,0.08852638304233551,0.25883820652961731,0.073274239897727966,0.23374676704406738
468,0.089174471795558929,0.26055175065994263,0.073273904621601105,0.23374590277671814
469,0.088348411023616791,0.25835207104682922,0.073273561894893646,0.2337450236082077
470,0.088149689137935638,0.25836044549942017,0.073273256421089172,0.23374427855014801
471,0.089482896029949188,0.26052835583686829,0.073273003101348877,0.23374372720718384
472,0.088294357061386108,0.25873517990112305,0.073272734880447388,0.23374311625957489
473,0.089306935667991638,0.26046112179756165,0.073272399604320526,0.23374220728874207
474,0.088640943169593811,0.25834277272224426,0.073272049427032471,0.23374129831790924
475,0.089009948074817657,0.25947540998458862,0.073271773755550385,0.23374064266681671
476,0.088829830288887024,0.25968050956726074,0.073271490633487701,0.23374003171920776
477,0.088390044867992401,0.25856548547744751,0.073271170258522034,0.2337392270565033
478,0.088532030582427979,0.25922787189483643,0.073270834982395172,0.23373834788799286
479,0.08789612352848053,0.2586054801940918,0.073270566761493683,0.23373770713806152
480,0.089183196425437927,0.26043453812599182,0.073270328342914581,0.23373715579509735
481,0.088498137891292572,0.25831577181816101,0.073270037770271301,0.23373641073703766
482,0.088208727538585663,0.25856918096542358,0.073269650340080261,0.2337353527545929
483,0.088560394942760468,0.25904649496078491,0.07326933741569519,0.2337346225976944
484,0.08801877498626709,0.25802388787269592,0.073269039392471313,0.2337338924407959
485,0.088037066161632538,0.2577235996723175,0.073268823325634003,0.23373338580131531
486,0.08842255175113678,0.2586885392665863,0.073268473148345947,0.23373252153396606
487,0.088700070977210999,0.25844234228134155,0.07326805591583252,0.23373138904571533
488,0.08895004540681839,0.25988581776618958,0.07326776534318924,0.23373070359230042
489,0.089117616415023804,0.25987386703491211,0.073267474770545959,0.2337300181388855
490,0.088327638804912567,0.25878047943115234,0.073267102241516113,0.23372909426689148
491,0.089172020554542542,0.25915232300758362,0.073266834020614624,0.23372845351696014
492,0.088456034660339355,0.25882253050804138,0.073266543447971344,0.23372772336006165
493,0.08819366991519928,0.25867572426795959,0.073266230523586273,0.23372688889503479
494,0.088832572102546692,0.26016411185264587,0.073265977203845978,0.23372629284858704
495,0.089706793427467346,0.26063686609268188,0.073265671730041504,0.23372553288936615
496,0.088902004063129425,0.25996103882789612,0.073265336453914642,0.23372471332550049
497,0.088882043957710266,0.25881099700927734,0.073265060782432556,0.23372407257556915
498,0.088975593447685242,0.25915497541427612,0.073264800012111664,0.23372335731983185
499,0.087834827601909637,0.25754949450492859,0.07326449453830719,0.23372262716293335
500,0.087824784219264984,0.25720104575157166,0.073264241218566895,0.23372210562229156
501,0.088459864258766174,0.25875714421272278,0.073263995349407196,0.23372158408164978
502,0.088729575276374817,0.25884732604026794,0.073263682425022125,0.23372077941894531
503,0.089273266494274139,0.2602449357509613,0.073263294994831085,0.23371978104114532
504,0.088828332722187042,0.25931906700134277,0.073262996971607208,0.23371894657611847
505,0.08797881007194519,0.25731241703033447,0.073262691497802734,0.23371820151805878
506,0.088983625173568726,0.25987857580184937,0.073262378573417664,0.23371748626232147
507,0.088641680777072906,0.25953909754753113,0.073262058198451996,0.23371666669845581
508,0.088725961744785309,0.25930294394493103,0.073261730372905731,0.23371590673923492
509,0.088957644999027252,0.25913342833518982,0.073261409997940063,0.23371507227420807
510,0.088557690382003784,0.25861310958862305,0.073261119425296783,0.23371431231498718
511,0.088585682213306427,0.25867432355880737,0.07326073944568634,0.233713299036026
512,0.08857332170009613,0.25927221775054932,0.073260463774204254,0.23371265828609467
513,0.089207060635089874,0.25999629497528076,0.073260165750980377,0.23371191322803497
514,0.088284529745578766,0.25811290740966797,0.073259830474853516,0.23371106386184692
515,0.087902598083019257,0.25782659649848938,0.073259487748146057,0.23371021449565887
516,0.087623618543148041,0.25807234644889832,0.073259204626083374,0.23370955884456635
517,0.088635258376598358,0.25819775462150574,0.073258943855762482,0.23370890319347382
518,0.087677650153636932,0.25726383924484253,0.073258668184280396,0.23370833694934845
519,0.089038662612438202,0.25971928238868713,0.073258340358734131,0.23370744287967682
520,0.087818823754787445,0.25757008790969849,0.073257997632026672,0.23370662331581116
521,0.088557831943035126,0.25864821672439575,0.073257707059383392,0.23370589315891266
522,0.088092081248760223,0.25888466835021973,0.073257409036159515,0.23370514810085297
523,0.087804421782493591,0.25796148180961609,0.073257029056549072,0.23370422422885895
524,0.088799223303794861,0.25877067446708679,0.073256708681583405,0.23370343446731567
525,0.088831119239330292,0.2591271698474884,0.073256470263004303,0.23370294272899628
526,0.088664092123508453,0.25920113921165466,0.073256194591522217,0.23370219767093658
527,0.088743045926094055,0.25891223549842834,0.073256008327007294,0.23370182514190674
528,0.088805027306079865,0.25860375165939331,0.07325570285320282,0.23370097577571869
529,0.088590510189533234,0.25857943296432495,0.073255456984043121,0.23370051383972168
530,0.088330775499343872,0.25847840309143066,0.073255188763141632,0.23369985818862915
531,0.087240830063819885,0.25647649168968201,0.073254905641078949,0.23369918763637543
532,0.089321322739124298,0.25896614789962769,0.073254622519016266,0.2336985170841217
533,0.08846728503704071,0.25926139950752258,0.073254413902759552,0.23369807004928589
534,0.088624551892280579,0.25934994220733643,0.073254071176052094,0.23369722068309784
535,0.088107511401176453,0.25769203901290894,0.073253773152828217,0.23369650542736053
536,0.088404059410095215,0.2592204213142395,0.073253437876701355,0.23369565606117249
537,0.088714316487312317,0.25885465741157532,0.073253147304058075,0.23369492590427399
538,0.088085874915122986,0.25831681489944458,0.073252826929092407,0.23369419574737549
539,0.088071830570697784,0.25784635543823242,0.073252491652965546,0.23369328677654266
540,0.089644327759742737,0.26033526659011841,0.073252163827419281,0.23369240760803223
541,0.088887214660644531,0.25921279191970825,0.073251813650131226,0.23369143903255463
542,0.088163875043392181,0.25895020365715027,0.073251493275165558,0.23369060456752777
543,0.089772388339042664,0.26093629002571106,0.073251195251941681,0.23368993401527405
544,0.088504768908023834,0.25819933414459229,0.073250897228717804,0.23368914425373077
545,0.088483668863773346,0.25830203294754028,0.073250569403171539,0.23368830978870392
546,0.088419631123542786,0.25883540511131287,0.073250271379947662,0.23368760943412781
547,0.089108936488628387,0.2599351704120636,0.073249965906143188,0.23368673026561737
548,0.088254362344741821,0.2588425874710083,0.073249675333499908,0.23368600010871887
549,0.087869569659233093,0.25838041305541992,0.073249392211437225,0.23368534445762634
550,0.08811476081609726,0.25756332278251648,0.07324913889169693,0.23368468880653381
551,0.088709302246570587,0.25854131579399109,0.073248840868473053,0.23368391394615173
552,0.088905550539493561,0.25927001237869263,0.073248498141765594,0.23368296027183533
553,0.088359110057353973,0.25846043229103088,0.073248222470283508,0.23368233442306519
554,0.087723508477210999,0.25728058815002441,0.073247954249382019,0.23368167877197266
555,0.088770195841789246,0.25939303636550903,0.07324768602848053,0.23368105292320251
556,0.088926717638969421,0.25978410243988037,0.073247343301773071,0.23368014395236969
557,0.088336922228336334,0.25917848944664001,0.073247060179710388,0.23367950320243835
558,0.089410074055194855,0.26049268245697021,0.073246806859970093,0.23367881774902344
559,0.088040553033351898,0.25839599967002869,0.073246553540229797,0.23367831110954285
560,0.088522128760814667,0.2591509222984314,0.073246270418167114,0.23367759585380554
561,0.088592365384101868,0.25859016180038452,0.073245927691459656,0.2336767315864563
562,0.087952271103858948,0.2577088475227356,0.073245622217655182,0.2336760014295578
563,0.088279210031032562,0.25852873921394348,0.07324536144733429,0.23367537558078766
564,0.08824390172958374,0.25786414742469788,0.073245100677013397,0.2336747795343399
565,0.088836222887039185,0.25914350152015686,0.073244787752628326,0.23367400467395782
566,0.088861830532550812,0.25898289680480957,0.073244459927082062,0.23367320001125336
567,0.088678926229476929,0.25929856300354004,0.073244139552116394,0.23367244005203247
568,0.088517546653747559,0.25897613167762756,0.073243886232376099,0.23367184400558472
569,0.088099703192710876,0.2584514319896698,0.073243632912635803,0.23367114365100861
570,0.088126078248023987,0.25789892673492432,0.073243364691734314,0.23367050290107727
571,0.08849816769361496,0.25852003693580627,0.073243111371994019,0.2336699515581131
572,0.08922075480222702,0.26014623045921326,0.073242850601673126,0.23366935551166534
573,0.088957339525222778,0.25940433144569397,0.073242500424385071,0.23366847634315491
574,0.088626354932785034,0.25848588347434998,0.073242232203483582,0.2336677759885788
575,0.088311158120632172,0.25886401534080505,0.073241934180259705,0.2336670458316803
576,0.087396927177906036,0.25732070207595825,0.0732417032122612,0.23366653919219971
577,0.088639631867408752,0.25938469171524048,0.073241345584392548,0.2336655855178833
578,0.089035511016845703,0.26025405526161194,0.073241099715232849,0.23366503417491913
579,0.088572897017002106,0.25947192311286926,0.073240764439105988,0.2336641252040863
580,0.087889388203620911,0.25738286972045898,0.073240496218204498,0.23366345465183258
581,0.088931649923324585,0.25972455739974976,0.073240280151367188,0.23366294801235199
582,0.08902876079082489,0.25957277417182922,0.073240034282207489,0.23366236686706543
583,0.089146189391613007,0.259675532579422,0.073239684104919434,0.2336614727973938
584,0.087185345590114594,0.25699949264526367,0.073239415884017944,0.23366084694862366
585,0.088441446423530579,0.2591077983379364,0.073239065706729889,0.23365981876850128
586,0.088832639157772064,0.25906601548194885,0.07323870062828064,0.23365893959999084
587,0.088953323662281036,0.2590867280960083,0.073238424956798553,0.23365817964076996
588,0.088448323309421539,0.25802558660507202,0.073238223791122437,0.23365782201290131
589,0.088573925197124481,0.2588057816028595,0.073237903416156769,0.23365704715251923
590,0.089227534830570221,0.25926989316940308,0.07323763519525528,0.23365631699562073
591,0.088750392198562622,0.25895097851753235,0.073237292468547821,0.2336554080247879
592,0.088837645947933197,0.25954553484916687,0.073237001895904541,0.23365470767021179
593,0.088021442294120789,0.25792080163955688,0.073236666619777679,0.23365390300750732
594,0.089001379907131195,0.25900810956954956,0.073236420750617981,0.23365336656570435
595,0.089175738394260406,0.260040283203125,0.073236048221588135,0.23365235328674316
596,0.089449368417263031,0.2599225640296936,0.073235772550106049,0.23365171253681183
597,0.089091293513774872,0.25938323140144348,0.073235474526882172,0.23365095257759094
598,0.088395483791828156,0.25787979364395142,0.073235198855400085,0.23365028202533722
599,0.088579624891281128,0.25907015800476074,0.07323484867811203,0.23364941775798798
600,0.087995857000350952,0.25863143801689148,0.07323455810546875,0.23364867269992828
601,0.087694920599460602,0.25676390528678894,0.073234312236309052,0.23364806175231934
602,0.088684059679508209,0.25897055864334106,0.073234006762504578,0.23364730179309845
603,0.08901088684797287,0.25988060235977173,0.073233745992183685,0.23364673554897308
604,0.088612720370292664,0.25980356335639954,0.073233462870121002,0.233645960688591
605,0.088052943348884583,0.25837442278862,0.073233172297477722,0.23364517092704773
606,0.087075255811214447,0.25686675310134888,0.073232851922512054,0.23364442586898804
607,0.088721029460430145,0.25939163565635681,0.073232538998126984,0.23364368081092834
608,0.088706798851490021,0.25891304016113281,0.07323223352432251,0.23364284634590149
609,0.088567398488521576,0.25901147723197937,0.073231898248195648,0.23364205658435822
610,0.088713817298412323,0.25877052545547485,0.073231644928455353,0.23364144563674927
611,0.088304415345191956,0.2583903968334198,0.073231346905231476,0.23364073038101196
612,0.088989563286304474,0.26038995385169983,0.073231086134910583,0.23364010453224182
613,0.088670879602432251,0.2592613697052002,0.073230773210525513,0.23363931477069855
614,0.08890107274055481,0.25983718037605286,0.073230430483818054,0.23363839089870453
615,0.089385069906711578,0.26014259457588196,0.073230192065238953,0.23363776504993439
616,0.088748261332511902,0.25897291302680969,0.073229879140853882,0.2336370050907135
617,0.088856004178524017,0.25996500253677368,0.073229566216468811,0.23363620042800903
618,0.088736109435558319,0.25852727890014648,0.073229365050792694,0.23363572359085083
619,0.088742591440677643,0.25866428017616272,0.07322905957698822,0.23363493382930756
620,0.089359425008296967,0.26045534014701843,0.073228813707828522,0.23363442718982697
621,0.089675620198249817,0.26037976145744324,0.073228545486927032,0.23363377153873444
622,0.088525146245956421,0.25896468758583069,0.073228277266025543,0.23363310098648071
623,0.088213495910167694,0.25747376680374146,0.073227979242801666,0.23363235592842102
624,0.087535552680492401,0.25696903467178345,0.073227763175964355,0.23363180458545685
625,0.088883012533187866,0.25980773568153381,0.073227442800998688,0.23363101482391357
626,0.088204130530357361,0.25839832425117493,0.073227144777774811,0.23363025486469269
627,0.088094800710678101,0.2590196430683136,0.07322683185338974,0.23362943530082703
628,0.088234052062034607,0.25821039080619812,0.073226556181907654,0.2336287796497345
629,0.087985627353191376,0.25789740681648254,0.073226317763328552,0.23362825810909271
630,0.088333241641521454,0.25864806771278381,0.073226079344749451,0.23362766206264496
631,0.088190466165542603,0.25855141878128052,0.073225811123847961,0.23362705111503601
632,0.088439777493476868,0.25913840532302856,0.073225550353527069,0.23362644016742706
633,0.088463529944419861,0.25819748640060425,0.073225252330303192,0.23362565040588379
634,0.089349783957004547,0.25992658734321594,0.073224946856498718,0.23362500965595245
635,0.088650733232498169,0.25839084386825562,0.073224663734436035,0.23362430930137634
636,0.089298836886882782,0.25992101430892944,0.073224447667598724,0.23362384736537933
637,0.088750734925270081,0.25885400176048279,0.073224164545536041,0.23362317681312561
638,0.087952174246311188,0.25751340389251709,0.073223903775215149,0.23362253606319427
639,0.087536342442035675,0.2569986879825592,0.073223628103733063,0.23362183570861816
640,0.087647624313831329,0.25694552063941956,0.073223359882831573,0.23362120985984802
641,0.088425658643245697,0.25857698917388916,0.073223106563091278,0.23362062871456146
642,0.088721968233585358,0.25888863205909729,0.073222972452640533,0.23362047970294952
643,0.088091731071472168,0.25741836428642273,0.073222674429416656,0.23361970484256744
644,0.088547028601169586,0.25928118824958801,0.073222413659095764,0.2336190789937973
645,0.089113421738147736,0.25958758592605591,0.073222197592258453,0.23361866176128387
646,0.089432328939437866,0.26034340262413025,0.073221944272518158,0.23361800611019135
647,0.088244877755641937,0.25842157006263733,0.073221743106842041,0.2336176335811615
648,0.088871292769908905,0.25981917977333069,0.073221452534198761,0.23361684381961823
649,0.088148176670074463,0.25768092274665833,0.073221199214458466,0.23361627757549286
650,0.088338263332843781,0.25916445255279541,0.073220930993556976,0.23361557722091675
651,0.087974734604358673,0.25780239701271057,0.073220692574977875,0.23361499607563019
652,0.089209742844104767,0.26001906394958496,0.073220491409301758,0.23361454904079437
653,0.089381501078605652,0.26051431894302368,0.073220118880271912,0.23361356556415558
654,0.087877564132213593,0.2578999400138855,0.073219828307628632,0.23361286520957947
655,0.089248210191726685,0.26004406809806824,0.073219463229179382,0.23361198604106903
656,0.088717013597488403,0.25890442728996277,0.07321920245885849,0.23361140489578247
657,0.089442729949951172,0.2608487606048584,0.073218941688537598,0.23361071944236755
658,0.088125616312026978,0.25884991884231567,0.073218703269958496,0.23361025750637054
659,0.087388284504413605,0.25723421573638916,0.073218435049057007,0.23360958695411682
660,0.089256376028060913,0.25929784774780273,0.073218151926994324,0.23360885679721832
661,0.087400823831558228,0.25683623552322388,0.073217868804931641,0.23360812664031982
662,0.088683299720287323,0.25924602150917053,0.073217563331127167,0.23360733687877655
663,0.088320732116699219,0.25798448920249939,0.073217339813709259,0.23360680043697357
664,0.089210614562034607,0.26071277260780334,0.073217101395130157,0.23360623419284821
665,0.088167384266853333,0.25819158554077148,0.073216862976551056,0.23360562324523926
666,0.08887442946434021,0.25913551449775696,0.073216602206230164,0.2336050420999527
667,0.087927557528018951,0.25801524519920349,0.073216348886489868,0.23360443115234375
668,0.088716223835945129,0.25876703858375549,0.073216035962104797,0.23360365629196167
669,0.088758893311023712,0.25765830278396606,0.07321571558713913,0.23360280692577362
670,0.087738186120986938,0.25859835743904114,0.073215410113334656,0.23360200226306915
671,0.088691830635070801,0.25847890973091125,0.073215149343013763,0.23360136151313782
672,0.0890311598777771,0.25987920165061951,0.073214918375015259,0.23360089957714081
673,0.088840536773204803,0.25892090797424316,0.073214605450630188,0.23360003530979156
674,0.089093171060085297,0.25935372710227966,0.073214367032051086,0.23359954357147217
675,0.08898375928401947,0.25891464948654175,0.073214046657085419,0.23359878361225128
676,0.089847095310688019,0.26114097237586975,0.073213845491409302,0.23359836637973785
677,0.089211553335189819,0.25951063632965088,0.073213554918766022,0.23359765112400055
678,0.088129937648773193,0.25799182057380676,0.073213294148445129,0.23359709978103638
679,0.089383572340011597,0.26016309857368469,0.073213033378124237,0.23359650373458862
680,0.088192962110042572,0.2582797110080719,0.073212727904319763,0.23359577357769012
681,0.088183037936687469,0.25833737850189209,0.07321244478225708,0.23359507322311401
682,0.089131854474544525,0.26020237803459167,0.073212169110774994,0.23359444737434387
683,0.088607676327228546,0.25881773233413696,0.073211893439292908,0.23359379172325134
684,0.088301211595535278,0.25833889842033386,0.073211632668972015,0.2335931658744812
685,0.088558442890644073,0.258780837059021,0.07321128249168396,0.23359224200248718
686,0.089553080499172211,0.25962114334106445,0.07321099191904068,0.2335914820432663
687,0.088681243360042572,0.25937783718109131,0.073210671544075012,0.23359063267707825
688,0.088604949414730072,0.25807946920394897,0.073210380971431732,0.23358984291553497
689,0.087639503180980682,0.25700318813323975,0.073210090398788452,0.23358915746212006
690,0.087327711284160614,0.25715517997741699,0.073209807276725769,0.23358842730522156
691,0.08844844251871109,0.25789111852645874,0.073209568858146667,0.23358792066574097
692,0.088285788893699646,0.25817963480949402,0.073209322988986969,0.23358733952045441
693,0.088344976305961609,0.25900888442993164,0.073209039866924286,0.23358665406703949
694,0.088752605020999908,0.25856900215148926,0.073208756744861603,0.23358596861362457
695,0.088712543249130249,0.25979503989219666,0.07320849597454071,0.23358534276485443
696,0.088442496955394745,0.25826621055603027,0.073208242654800415,0.23358479142189026
697,0.089294344186782837,0.26007923483848572,0.073207899928092957,0.23358389735221863
698,0.087823085486888885,0.25766760110855103,0.073207639157772064,0.23358334600925446
699,0.087458141148090363,0.25700476765632629,0.073207370936870575,0.23358266055583954
700,0.088596053421497345,0.25832855701446533,0.073207028210163116,0.2335817813873291
701,0.088292241096496582,0.2586856484413147,0.073206804692745209,0.23358125984668732
702,0.08835216611623764,0.25896406173706055,0.073206499218940735,0.23358044028282166
703,0.088320448994636536,0.25804364681243896,0.073206178843975067,0.23357968032360077
704,0.088926278054714203,0.25923323631286621,0.073205851018428802,0.2335788905620575
705,0.088229522109031677,0.2587449848651886,0.073205575346946716,0.23357819020748138
706,0.089115507900714874,0.2597065269947052,0.073205284774303436,0.23357750475406647
707,0.088099397718906403,0.25804674625396729,0.073204979300498962,0.23357671499252319
708,0.088330715894699097,0.25891897082328796,0.073204763233661652,0.23357619345188141
709,0.089344784617424011,0.26008966565132141,0.073204509913921356,0.23357559740543365
710,0.088863544166088104,0.25950416922569275,0.073204278945922852,0.23357509076595306
711,0.088964037597179413,0.25954285264015198,0.073204018175601959,0.23357449471950531
712,0.088587678968906403,0.25862514972686768,0.073203735053539276,0.23357376456260681
713,0.088583022356033325,0.25960901379585266,0.073203414678573608,0.23357294499874115
714,0.088552758097648621,0.25849217176437378,0.073203094303607941,0.23357215523719788
715,0.088532671332359314,0.25872743129730225,0.073202870786190033,0.23357166349887848
716,0.088784083724021912,0.25903826951980591,0.073202572762966156,0.23357087373733521
717,0.088118240237236023,0.25875508785247803,0.073202267289161682,0.23357009887695312
718,0.088399417698383331,0.25915592908859253,0.073201976716518402,0.23356936872005463
719,0.088525183498859406,0.25883367657661438,0.073201730847358704,0.23356875777244568
720,0.088591374456882477,0.25923264026641846,0.073201484978199005,0.23356819152832031
721,0.08807016909122467,0.25855433940887451,0.0732012540102005,0.23356764018535614
722,0.088743820786476135,0.25872164964675903,0.073201000690460205,0.233567014336586
723,0.088701240718364716,0.25950855016708374,0.073200739920139313,0.23356643319129944
724,0.088085487484931946,0.25883367657661438,0.073200471699237823,0.23356582224369049
725,0.088872380554676056,0.25974905490875244,0.073200233280658722,0.23356525599956512
726,0.089544273912906647,0.2606462836265564,0.073199942708015442,0.2335645854473114
727,0.089249014854431152,0.25987523794174194,0.073199719190597534,0.23356403410434723
728,0.088565036654472351,0.25902712345123291,0.073199436068534851,0.23356336355209351
729,0.088617630302906036,0.25866243243217468,0.073199130594730377,0.23356258869171143
730,0.088085770606994629,0.25829777121543884,0.073198810219764709,0.23356173932552338
731,0.088692888617515564,0.25890666246414185,0.073198609054088593,0.23356127738952637
732,0.089371092617511749,0.25990259647369385,0.073198318481445312,0.23356054723262787
733,0.088701687753200531,0.25922924280166626,0.073198035359382629,0.23355987668037415
734,0.088384479284286499,0.25839424133300781,0.073197774589061737,0.23355922102928162
735,0.089327342808246613,0.25974607467651367,0.073197484016418457,0.2335585355758667
736,0.088522963225841522,0.25839614868164062,0.073197260499000549,0.23355798423290253
737,0.088298007845878601,0.25914952158927917,0.073196962475776672,0.23355725407600403
738,0.088391020894050598,0.25866296887397766,0.073196664452552795,0.23355646431446075
739,0.088864937424659729,0.25949761271476746,0.073196388781070709,0.23355585336685181
740,0.089648060500621796,0.26019734144210815,0.07319612056016922,0.23355516791343689
741,0.088117830455303192,0.25784596800804138,0.073195777833461761,0.23355428874492645
742,0.089104980230331421,0.25914311408996582,0.073195531964302063,0.23355366289615631
743,0.088681772351264954,0.25913602113723755,0.07319524884223938,0.23355293273925781
744,0.08783857524394989,0.25811636447906494,0.073194935917854309,0.23355218768119812
745,0.088349170982837677,0.25867614150047302,0.073194622993469238,0.2335515171289444
746,0.088468082249164581,0.25864148139953613,0.073194392025470734,0.23355095088481903
747,0.088422082364559174,0.25904983282089233,0.073194101452827454,0.23355022072792053
748,0.087470456957817078,0.25709417462348938,0.073193907737731934,0.23354977369308472
749,0.089123949408531189,0.25962617993354797,0.07319362461566925,0.23354911804199219
750,0.088883474469184875,0.2593858540058136,0.073193304240703583,0.23354826867580414
751,0.088244691491127014,0.2583116888999939,0.073193080723285675,0.23354771733283997
752,0.088327653706073761,0.2584114670753479,0.073192857205867767,0.23354732990264893
753,0.088199146091938019,0.25825583934783936,0.073192566633224487,0.23354655504226685
754,0.087524376809597015,0.25732442736625671,0.073192238807678223,0.23354567587375641
755,0.088053904473781586,0.2585206925868988,0.073191970586776733,0.23354506492614746
756,0.08912290632724762,0.25954484939575195,0.073191694915294647,0.23354440927505493
757,0.089000985026359558,0.25944441556930542,0.073191404342651367,0.23354363441467285
758,0.088770605623722076,0.25885814428329468,0.073191195726394653,0.23354321718215942
759,0.088743090629577637,0.25938490033149719,0.073190942406654358,0.23354260623455048
760,0.088475175201892853,0.25872555375099182,0.073190696537494659,0.23354201018810272
761,0.089334733784198761,0.26033958792686462,0.073190376162528992,0.2335410863161087
762,0.089212924242019653,0.25987303256988525,0.073190174996852875,0.23354069888591766
763,0.088390067219734192,0.25820931792259216,0.073189884424209595,0.23353992402553558
764,0.088571019470691681,0.2586284875869751,0.073189638555049896,0.23353935778141022
765,0.088439024984836578,0.25846269726753235,0.073189400136470795,0.23353880643844604
766,0.088970579206943512,0.2592640221118927,0.073189087212085724,0.23353804647922516
767,0.089207425713539124,0.2593047022819519,0.073188826441764832,0.23353743553161621
768,0.089051663875579834,0.25928893685340881,0.073188535869121552,0.23353666067123413
769,0.087844312191009521,0.2578718364238739,0.073188357055187225,0.23353619873523712
770,0.088289506733417511,0.25905409455299377,0.073188036680221558,0.23353539407253265
771,0.088673248887062073,0.25953823328018188,0.073187753558158875,0.23353469371795654
772,0.088609769940376282,0.25873264670372009,0.073187507688999176,0.23353409767150879
773,0.088005460798740387,0.25835299491882324,0.073187321424484253,0.23353374004364014
774,0.088866464793682098,0.26011911034584045,0.073187105357646942,0.23353318870067596
775,0.088436104357242584,0.25841397047042847,0.073186837136745453,0.23353251814842224
776,0.088370159268379211,0.25859582424163818,0.073186613619327545,0.23353211581707001
777,0.088460884988307953,0.2585691511631012,0.073186419904232025,0.23353157937526703
778,0.088807307183742523,0.25874254107475281,0.073186106979846954,0.23353083431720734
779,0.087973564863204956,0.25837573409080505,0.073185808956623077,0.23353014886379242
780,0.088821329176425934,0.25927776098251343,0.073185533285140991,0.23352938890457153
781,0.088655814528465271,0.25838938355445862,0.073185235261917114,0.23352868854999542
782,0.088572420179843903,0.25892877578735352,0.073184996843338013,0.23352809250354767
783,0.088527843356132507,0.2588733434677124,0.073184691369533539,0.23352739214897156
784,0.088724397122859955,0.25896117091178894,0.073184341192245483,0.23352646827697754
785,0.087563842535018921,0.25750666856765747,0.0731840580701828,0.2335258275270462
786,0.0881023108959198,0.25852739810943604,0.073183812201023102,0.23352526128292084
787,0.088664703071117401,0.25899431109428406,0.073183536529541016,0.23352453112602234
788,0.088874287903308868,0.25961464643478394,0.073183208703994751,0.2335236668586731
789,0.088274247944355011,0.25810882449150085,0.073182903230190277,0.23352286219596863
790,0.089320667088031769,0.25962942838668823,0.073182590305805206,0.23352211713790894
791,0.08844844251871109,0.25893175601959229,0.07318231463432312,0.23352138698101044
792,0.088488474488258362,0.25898179411888123,0.07318202406167984,0.23352061212062836
793,0.088380932807922363,0.2589084804058075,0.073181718587875366,0.23351989686489105
794,0.088992200791835785,0.25861209630966187,0.073181509971618652,0.23351940512657166
795,0.089251577854156494,0.25980496406555176,0.073181241750717163,0.2335188239812851
796,0.088383570313453674,0.25849071145057678,0.073181003332138062,0.2335183173418045
797,0.087912902235984802,0.25763973593711853,0.073180720210075378,0.23351754248142242
798,0.088910602033138275,0.25928869843482971,0.073180481791496277,0.23351697623729706
799,0.089218534529209137,0.25998231768608093,0.073180221021175385,0.23351636528968811
800,0.088576294481754303,0.2585308849811554,0.073179922997951508,0.23351559042930603
801,0.088268734514713287,0.25878903269767761,0.0731796994805336,0.23351512849330902
802,0.089095011353492737,0.26005467772483826,0.073179416358470917,0.23351441323757172
803,0.088010683655738831,0.25843146443367004,0.073179148137569427,0.23351381719112396
804,0.089068271219730377,0.25949612259864807,0.073178872466087341,0.23351314663887024
805,0.088283702731132507,0.25878015160560608,0.073178641498088837,0.23351261019706726
806,0.089572988450527191,0.26018884778022766,0.073178477585315704,0.23351225256919861
807,0.088853701949119568,0.25888639688491821,0.073178119957447052,0.23351137340068817
808,0.087455525994300842,0.25733646750450134,0.073177821934223175,0.23351059854030609
809,0.087980575859546661,0.25764608383178711,0.073177583515644073,0.23351001739501953
810,0.087950520217418671,0.25846624374389648,0.073177315294742584,0.23350939154624939
811,0.088939137756824493,0.25942939519882202,0.073177047073841095,0.2335086315870285
812,0.088517084717750549,0.25914886593818665,0.073176741600036621,0.23350794613361359
813,0.088450662791728973,0.25907546281814575,0.073176555335521698,0.23350755870342255
814,0.088790997862815857,0.25863716006278992,0.073176257312297821,0.23350682854652405
815,0.088781751692295074,0.25902935862541199,0.073176048696041107,0.23350638151168823
816,0.088238410651683807,0.25809100270271301,0.073175758123397827,0.23350562155246735
817,0.088856309652328491,0.25960466265678406,0.073175579309463501,0.23350530862808228
818,0.088432736694812775,0.25841334462165833,0.073175288736820221,0.23350457847118378
819,0.088254235684871674,0.25857454538345337,0.073175027966499329,0.23350392282009125
820,0.088140524923801422,0.25784781575202942,0.073174789547920227,0.23350340127944946
821,0.088666215538978577,0.2591949999332428,0.073174580931663513,0.23350290954113007
822,0.08778148889541626,0.25840902328491211,0.073174290359020233,0.23350223898887634
823,0.088127844035625458,0.25808906555175781,0.073174059391021729,0.23350182175636292
824,0.08817020058631897,0.25811344385147095,0.073173858225345612,0.23350131511688232
825,0.087575621902942657,0.25805363059043884,0.073173612356185913,0.23350076377391815
826,0.088064171373844147,0.25819528102874756,0.073173381388187408,0.23350030183792114
827,0.088484436273574829,0.25813931226730347,0.073173053562641144,0.23349945247173309
828,0.088089637458324432,0.25876602530479431,0.073172800242900848,0.23349890112876892
829,0.088809825479984283,0.25921180844306946,0.073172532021999359,0.2334982305765152
830,0.088147997856140137,0.25848102569580078,0.073172293603420258,0.23349766433238983
831,0.08891691267490387,0.25979167222976685,0.073172017931938171,0.23349705338478088
832,0.088016368448734283,0.25846925377845764,0.07317177951335907,0.23349645733833313
833,0.087493874132633209,0.25721156597137451,0.073171578347682953,0.2334960401058197
834,0.088834367692470551,0.25916001200675964,0.073171280324459076,0.23349533975124359
835,0.088504798710346222,0.25871521234512329,0.07317100465297699,0.23349465429782867
836,0.088857993483543396,0.25917786359786987,0.0731707364320755,0.23349401354789734
837,0.088878117501735687,0.25951677560806274,0.073170490562915802,0.23349341750144958
838,0.088163591921329498,0.25822508335113525,0.073170177638530731,0.23349261283874512
839,0.088752269744873047,0.25855627655982971,0.073169991374015808,0.2334921807050705
840,0.088803991675376892,0.25930958986282349,0.073169723153114319,0.23349152505397797
841,0.088031463325023651,0.25794512033462524,0.073169492185115814,0.23349086940288544
842,0.089529789984226227,0.2601187527179718,0.07316918671131134,0.23349009454250336
843,0.088649533689022064,0.2598283588886261,0.073168918490409851,0.23348946869373322
844,0.089196436107158661,0.25998926162719727,0.073168620467185974,0.23348866403102875
845,0.087798364460468292,0.25774195790290833,0.073168329894542694,0.23348796367645264
846,0.088244624435901642,0.25861445069313049,0.073168076574802399,0.23348730802536011
847,0.08803984522819519,0.25828772783279419,0.073167815804481506,0.23348668217658997
848,0.088115841150283813,0.2590298056602478,0.073167614638805389,0.23348629474639893
849,0.088580437004566193,0.25925669074058533,0.073167406022548676,0.23348574340343475
850,0.089494712650775909,0.26048702001571655,0.073167107999324799,0.23348505795001984
851,0.088644228875637054,0.25904709100723267,0.073166839778423309,0.23348438739776611
852,0.087921813130378723,0.25789487361907959,0.073166549205780029,0.23348361253738403
853,0.088486142456531525,0.25933912396430969,0.073166266083717346,0.23348303139209747
854,0.088123545050621033,0.25806155800819397,0.073166012763977051,0.23348237574100494
855,0.08938337117433548,0.25995129346847534,0.073165789246559143,0.23348186910152435
856,0.088116057217121124,0.25827533006668091,0.073165535926818848,0.23348125815391541
857,0.087000533938407898,0.25653436779975891,0.073165290057659149,0.23348069190979004
858,0.08815290778875351,0.25819176435470581,0.073165111243724823,0.23348037898540497
859,0.087844856083393097,0.2582697868347168,0.073164857923984528,0.23347970843315125
860,0.089020445942878723,0.25937557220458984,0.073164597153663635,0.23347905278205872
861,0.089107371866703033,0.25956156849861145,0.073164373636245728,0.23347859084606171
862,0.089075535535812378,0.25940769910812378,0.073164105415344238,0.23347793519496918
863,0.087543860077857971,0.25664415955543518,0.073163896799087524,0.23347753286361694
864,0.089190371334552765,0.26031103730201721,0.073163501918315887,0.2334764152765274
865,0.087272301316261292,0.25634306669235229,0.073163233697414398,0.23347568511962891
866,0.08892783522605896,0.25936496257781982,0.073162980377674103,0.23347511887550354
867,0.088797770440578461,0.25857454538345337,0.073162727057933807,0.23347452282905579
868,0.089247949421405792,0.26035383343696594,0.073162451386451721,0.23347394168376923
869,0.08828289806842804,0.25772890448570251,0.07316211611032486,0.23347309231758118
870,0.088860630989074707,0.25983375310897827,0.073161862790584564,0.23347248136997223
871,0.088273882865905762,0.2583005428314209,0.073161669075489044,0.23347207903862
872,0.088282749056816101,0.25874295830726624,0.073161415755748749,0.23347148299217224
873,0.088699012994766235,0.25895082950592041,0.073161140084266663,0.23347075283527374
874,0.087835416197776794,0.2575451135635376,0.073160819709300995,0.23346990346908569
875,0.088460087776184082,0.25830212235450745,0.073160521686077118,0.23346908390522003
876,0.089192479848861694,0.26061123609542847,0.073160246014595032,0.23346848785877228
877,0.088194988667964935,0.25877290964126587,0.073160052299499512,0.23346805572509766
878,0.088971160352230072,0.25956669449806213,0.07315981388092041,0.23346759378910065
879,0.088564112782478333,0.2589322030544281,0.073159627616405487,0.2334672212600708
880,0.089188456535339355,0.26017647981643677,0.07315932959318161,0.23346638679504395
881,0.088192805647850037,0.25812241435050964,0.073159076273441315,0.23346570134162903
882,0.088690973818302155,0.2590603232383728,0.073158830404281616,0.23346509039402008
883,0.088278457522392273,0.25848931074142456,0.073158591985702515,0.23346450924873352
884,0.088858187198638916,0.25946831703186035,0.073158271610736847,0.2334635853767395
885,0.089395500719547272,0.25991687178611755,0.073158025741577148,0.23346301913261414
886,0.088542290031909943,0.25821098685264587,0.073157794773578644,0.23346249759197235
887,0.090028762817382812,0.26129680871963501,0.073157534003257751,0.23346182703971863
888,0.088991083204746246,0.25986769795417786,0.073157332837581635,0.23346145451068878
889,0.087996505200862885,0.25825795531272888,0.073157109320163727,0.23346097767353058
890,0.08798643946647644,0.2581360936164856,0.073156826198101044,0.23346027731895447
891,0.088705882430076599,0.25870910286903381,0.073156587779521942,0.23345968127250671
892,0.088200345635414124,0.25826889276504517,0.073156297206878662,0.23345896601676941
893,0.088627450168132782,0.25944477319717407,0.07315593957901001,0.23345796763896942
894,0.088515676558017731,0.25884285569190979,0.07315564900636673,0.23345713317394257
895,0.089245453476905823,0.26026624441146851,0.073155373334884644,0.23345646262168884
896,0.088184833526611328,0.25828936696052551,0.073155157268047333,0.23345598578453064
897,0.088006697595119476,0.25814446806907654,0.07315487414598465,0.23345528542995453
898,0.087570995092391968,0.25718620419502258,0.073154598474502563,0.23345458507537842
899,0.088734544813632965,0.25939193367958069,0.07315431535243988,0.2334538996219635
900,0.088040165603160858,0.25755351781845093,0.073154106736183167,0.2334534227848053
901,0.087797351181507111,0.25772401690483093,0.07315380871295929,0.23345267772674561
902,0.089835748076438904,0.26202911138534546,0.073153667151927948,0.2334524542093277
903,0.088741898536682129,0.25920316576957703,0.073153398931026459,0.23345173895359039
904,0.089190393686294556,0.26062935590744019,0.073153100907802582,0.23345090448856354
905,0.088651694357395172,0.25886449217796326,0.073152817785739899,0.23345021903514862
906,0.088970080018043518,0.25981968641281128,0.073152579367160797,0.23344965279102325
907,0.087807007133960724,0.25750613212585449,0.073152311146259308,0.23344898223876953
908,0.089263252913951874,0.26033478975296021,0.073152050375938416,0.23344837129116058
909,0.088522285223007202,0.25925514101982117,0.073151774704456329,0.23344770073890686
910,0.088532730937004089,0.25864097476005554,0.073151513934135437,0.23344705998897552
911,0.087766401469707489,0.25824180245399475,0.073151297867298126,0.23344652354717255
912,0.08883754163980484,0.2594585120677948,0.073151037096977234,0.23344594240188599
913,0.088787518441677094,0.25973308086395264,0.073150783777236938,0.23344533145427704
914,0.088851310312747955,0.25925207138061523,0.073150552809238434,0.23344479501247406
915,0.088105373084545135,0.25775527954101562,0.073150306940078735,0.23344422876834869
916,0.089152790606021881,0.25894802808761597,0.073150098323822021,0.23344378173351288
917,0.089126668870449066,0.26001918315887451,0.073149800300598145,0.23344296216964722
918,0.088152557611465454,0.25796082615852356,0.073149554431438446,0.23344236612319946
919,0.088189862668514252,0.25891739130020142,0.073149323463439941,0.2334417998790741
920,0.088253475725650787,0.25805240869522095,0.073149055242538452,0.23344111442565918
921,0.088364884257316589,0.25847434997558594,0.073148831725120544,0.23344047367572784
922,0.088448472321033478,0.25825530290603638,0.073148608207702637,0.23344002664089203
923,0.088607385754585266,0.25929421186447144,0.073148325085639954,0.23343938589096069
924,0.088307499885559082,0.25866544246673584,0.073148004710674286,0.23343847692012787
925,0.0883193239569664,0.25954708456993103,0.073147781193256378,0.23343794047832489
926,0.088479548692703247,0.25870233774185181,0.073147565126419067,0.23343747854232788
927,0.088149011135101318,0.25821620225906372,0.073147334158420563,0.2334369570016861
928,0.089101195335388184,0.25884956121444702,0.073147110641002655,0.23343642055988312
929,0.088146932423114777,0.25828066468238831,0.073146887123584747,0.23343586921691895
930,0.088159136474132538,0.258350670337677,0.073146678507328033,0.23343536257743835
931,0.088991396129131317,0.259866863489151,0.073146432638168335,0.23343478143215179
932,0.088440857827663422,0.25894010066986084,0.073146134614944458,0.23343400657176971
933,0.088540703058242798,0.25865805149078369,0.073145866394042969,0.23343345522880554
934,0.088943198323249817,0.25970941781997681,0.073145650327205658,0.23343294858932495
935,0.088804535567760468,0.25979983806610107,0.073145367205142975,0.23343232274055481
936,0.088813886046409607,0.25877881050109863,0.07314513623714447,0.23343181610107422
937,0.088315673172473907,0.25874584913253784,0.073144935071468353,0.2334313839673996
938,0.089166760444641113,0.25999203324317932,0.073144696652889252,0.23343081772327423
939,0.088524617254734039,0.25881120562553406,0.073144465684890747,0.23343028128147125
940,0.088868655264377594,0.25887283682823181,0.073144219815731049,0.23342970013618469
941,0.088479995727539062,0.25871849060058594,0.07314397394657135,0.23342910408973694
942,0.088592104613780975,0.258797287940979,0.073143742978572845,0.23342852294445038
943,0.08806995302438736,0.25839421153068542,0.073143474757671356,0.23342789709568024
944,0.088515467941761017,0.25887441635131836,0.073143288493156433,0.2334275096654892
945,0.08835853636264801,0.2580152153968811,0.073142990469932556,0.23342670500278473
946,0.088199816644191742,0.25855782628059387,0.073142729699611664,0.2334260493516922
947,0.087912708520889282,0.25795856118202209,0.073142550885677338,0.23342570662498474
948,0.08902566134929657,0.25952386856079102,0.07314232736825943,0.23342525959014893
949,0.088873356580734253,0.26002869009971619,0.073142059147357941,0.23342463374137878
950,0.088839620351791382,0.25984290242195129,0.073141902685165405,0.23342430591583252
951,0.087811529636383057,0.25781720876693726,0.073141694068908691,0.23342384397983551
952,0.088388942182064056,0.25897732377052307,0.073141515254974365,0.23342345654964447
953,0.088053807616233826,0.25859484076499939,0.073141306638717651,0.23342299461364746
954,0.088161155581474304,0.25859165191650391,0.073141075670719147,0.23342257738113403
955,0.088955409824848175,0.25945809483528137,0.073140867054462433,0.23342216014862061
956,0.087789483368396759,0.25784388184547424,0.073140665888786316,0.23342175781726837
957,0.088053964078426361,0.25846311450004578,0.073140405118465424,0.23342111706733704
958,0.087937943637371063,0.257913738489151,0.07314012199640274,0.23342043161392212
959,0.088726937770843506,0.25902652740478516,0.07313992828130722,0.23342008888721466
960,0.08931325376033783,0.25964349508285522,0.073139719665050507,0.23341959714889526
961,0.08815571665763855,0.2578519880771637,0.073139496147632599,0.23341912031173706
962,0.088379211723804474,0.25888806581497192,0.07313922792673111,0.23341856896877289
963,0.088368229568004608,0.25959488749504089,0.073139026761054993,0.23341816663742065
964,0.088166266679763794,0.25867336988449097,0.073138736188411713,0.23341743648052216
965,0.088378086686134338,0.25829616189002991,0.073138497769832611,0.23341688513755798
966,0.089422106742858887,0.25980037450790405,0.073138296604156494,0.23341643810272217
967,0.088131822645664215,0.25761952996253967,0.07313799113035202,0.23341558873653412
968,0.088617883622646332,0.25919166207313538,0.073137708008289337,0.23341487348079681
969,0.088624536991119385,0.25883519649505615,0.073137447237968445,0.23341424763202667
970,0.088505864143371582,0.25795933604240417,0.073137193918228149,0.23341365158557892
971,0.088243789970874786,0.25887110829353333,0.073136880993843079,0.23341278731822968
972,0.087442867457866669,0.25803130865097046,0.073136597871780396,0.23341219127178192
973,0.087401174008846283,0.25777003169059753,0.073136352002620697,0.23341158032417297
974,0.089303471148014069,0.25945621728897095,0.073136039078235626,0.23341077566146851
975,0.088093198835849762,0.25770604610443115,0.073135770857334137,0.23341014981269836
976,0.088630646467208862,0.25909879803657532,0.073135539889335632,0.233409583568573
977,0.087943606078624725,0.25859823822975159,0.073135308921337128,0.23340904712677002
978,0.08945716917514801,0.26026386022567749,0.073135055601596832,0.23340840637683868
979,0.087653614580631256,0.25823411345481873,0.073134757578372955,0.23340757191181183
980,0.088838793337345123,0.25906544923782349,0.073134511709213257,0.23340703547000885
981,0.088941432535648346,0.25997254252433777,0.073134303092956543,0.23340651392936707
982,0.088466949760913849,0.25901207327842712,0.073134064674377441,0.23340591788291931
983,0.088534355163574219,0.25922980904579163,0.073133841156959534,0.23340544104576111
984,0.088159963488578796,0.25860780477523804,0.073133558034896851,0.23340471088886261
985,0.089254781603813171,0.2604733407497406,0.07313324511051178,0.23340387642383575
986,0.089212901890277863,0.25992822647094727,0.073132961988449097,0.23340319097042084
987,0.088332340121269226,0.25851759314537048,0.07313276082277298,0.23340268433094025
988,0.088527292013168335,0.25843125581741333,0.073132537305355072,0.23340213298797607
989,0.088942445814609528,0.25971665978431702,0.07313229888677597,0.23340152204036713
990,0.088429391384124756,0.25891569256782532,0.073132090270519257,0.23340114951133728
991,0.087865099310874939,0.25719061493873596,0.073131836950778961,0.23340046405792236
992,0.089546099305152893,0.260324627161026,0.073131605982780457,0.23339995741844177
993,0.088329501450061798,0.25914138555526733,0.073131360113620758,0.23339934647083282
994,0.088470153510570526,0.25832107663154602,0.07313113659620285,0.23339883983135223
995,0.088075965642929077,0.2581440806388855,0.073130898177623749,0.23339827358722687
996,0.08808637410402298,0.25859099626541138,0.07313065230846405,0.23339766263961792
997,0.088480554521083832,0.25912860035896301,0.073130406439304352,0.23339705169200897
998,0.088773138821125031,0.25909155607223511,0.073130153119564056,0.23339642584323883
999,0.088570818305015564,0.25876930356025696,0.073129899799823761,0.23339569568634033
