epoch,loss,mean_absolute_error,val_loss,val_mean_absolute_error
0,0.15435808897018433,0.32037660479545593,0.10056181997060776,0.27034187316894531
1,0.15331056714057922,0.32227247953414917,0.098614603281021118,0.26816308498382568
2,0.16284358501434326,0.33614322543144226,0.09655732661485672,0.26586315035820007
3,0.15175993740558624,0.32099971175193787,0.094911456108093262,0.26399880647659302
4,0.15451985597610474,0.3182520866394043,0.093286804854869843,0.26216554641723633
5,0.16362658143043518,0.33141857385635376,0.092135630548000336,0.26079860329627991
6,0.15152153372764587,0.31725746393203735,0.090843938291072845,0.25918623805046082
7,0.14995761215686798,0.31422027945518494,0.089149005711078644,0.25691866874694824
8,0.1540241539478302,0.32421892881393433,0.088549502193927765,0.2561308741569519
9,0.16716989874839783,0.33627945184707642,0.088115639984607697,0.25555106997489929
10,0.15871855616569519,0.32116085290908813,0.087588727474212646,0.25482729077339172
11,0.14692108333110809,0.30964776873588562,0.08638443797826767,0.2530866265296936
12,0.15951241552829742,0.326191246509552,0.085665583610534668,0.25206318497657776
13,0.147673100233078,0.30923250317573547,0.085160166025161743,0.25130742788314819
14,0.1505732387304306,0.31862014532089233,0.084554262459278107,0.25035390257835388
15,0.14567592740058899,0.31654474139213562,0.08390326052904129,0.24933421611785889
16,0.14796644449234009,0.31474447250366211,0.083555825054645538,0.24877901375293732
17,0.16017982363700867,0.3271624743938446,0.083126641809940338,0.2480572909116745
18,0.15005263686180115,0.31842458248138428,0.082859113812446594,0.24760037660598755
19,0.15785801410675049,0.32340779900550842,0.082549750804901123,0.24715021252632141
20,0.15318502485752106,0.32138845324516296,0.082414507865905762,0.24695016443729401
21,0.15082205832004547,0.31755101680755615,0.082113668322563171,0.24648261070251465
22,0.13970343768596649,0.30342897772789001,0.081647209823131561,0.24570022523403168
23,0.15004655718803406,0.31564852595329285,0.081550680100917816,0.24554508924484253
24,0.16395138204097748,0.33376944065093994,0.081209048628807068,0.24499087035655975
25,0.15555998682975769,0.32749196887016296,0.080982096493244171,0.24462482333183289
26,0.16585354506969452,0.33302119374275208,0.081003837287425995,0.2446601539850235
27,0.15729719400405884,0.3232903778553009,0.080857850611209869,0.24443553388118744
28,0.16465699672698975,0.3331165611743927,0.081017091870307922,0.24468226730823517
29,0.16159102320671082,0.33673536777496338,0.081078842282295227,0.24479736387729645
30,0.16537114977836609,0.33771193027496338,0.081192605197429657,0.24499687552452087
31,0.14205086231231689,0.30898377299308777,0.081003829836845398,0.24467994272708893
32,0.15128162503242493,0.32276672124862671,0.080707021057605743,0.24421036243438721
33,0.14942666888237,0.31990790367126465,0.080824814736843109,0.24439933896064758
34,0.15961082279682159,0.32800960540771484,0.080590173602104187,0.24402569234371185
35,0.15582776069641113,0.31784975528717041,0.080510534346103668,0.24389559030532837
36,0.16064000129699707,0.33065897226333618,0.080484680831432343,0.24385654926300049
37,0.15607024729251862,0.32202616333961487,0.080401666462421417,0.24371720850467682
38,0.14786115288734436,0.31320369243621826,0.080189518630504608,0.24335047602653503
39,0.15626689791679382,0.32624995708465576,0.080228723585605621,0.24341398477554321
40,0.14417953789234161,0.3067992627620697,0.080204606056213379,0.24337893724441528
41,0.14476203918457031,0.31976994872093201,0.080169640481472015,0.24332670867443085
42,0.16423867642879486,0.3301980197429657,0.080250188708305359,0.24347671866416931
43,0.15977375209331512,0.32935982942581177,0.080202251672744751,0.24339604377746582
44,0.14011086523532867,0.29994145035743713,0.080228038132190704,0.24345217645168304
45,0.13565637171268463,0.30490115284919739,0.080107443034648895,0.2432396411895752
46,0.15407517552375793,0.32299098372459412,0.080027364194393158,0.24311563372612
47,0.13719986379146576,0.30489423871040344,0.079965263605117798,0.24301786720752716
48,0.14964385330677032,0.31542575359344482,0.080059953033924103,0.24317139387130737
49,0.172502800822258,0.33850350975990295,0.080025523900985718,0.24311995506286621
50,0.17569777369499207,0.34710532426834106,0.079927720129489899,0.24296665191650391
51,0.14817872643470764,0.31625199317932129,0.079942867159843445,0.24299447238445282
52,0.14280584454536438,0.30606424808502197,0.079936720430850983,0.24298769235610962
53,0.16268925368785858,0.33586457371711731,0.07997613400220871,0.24305090308189392
54,0.15122699737548828,0.32055529952049255,0.079851463437080383,0.24285513162612915
55,0.16307160258293152,0.3357028067111969,0.079620897769927979,0.24245071411132812
56,0.15008887648582458,0.31631240248680115,0.079659253358840942,0.24252936244010925
57,0.15623453259468079,0.32444265484809875,0.0796237513422966,0.24247169494628906
58,0.14920337498188019,0.31577062606811523,0.079655446112155914,0.24253733456134796
59,0.16046620905399323,0.32592356204986572,0.079563230276107788,0.24237354099750519
60,0.1358788013458252,0.30359315872192383,0.079463571310043335,0.24220198392868042
61,0.15185296535491943,0.31889453530311584,0.079470261931419373,0.24221353232860565
62,0.14722682535648346,0.31330960988998413,0.07951413094997406,0.24230329692363739
63,0.13085469603538513,0.29324993491172791,0.079351082444190979,0.24202795326709747
64,0.14884521067142487,0.32003182172775269,0.079377010464668274,0.24207328259944916
65,0.13887642323970795,0.30520790815353394,0.07933545857667923,0.24200893938541412
66,0.152605801820755,0.32244879007339478,0.079372875392436981,0.24206987023353577
67,0.1437356024980545,0.31234529614448547,0.079275883734226227,0.24191693961620331
68,0.15362240374088287,0.32029098272323608,0.079240128397941589,0.24186050891876221
69,0.13733357191085815,0.30232620239257812,0.079200692474842072,0.2417968362569809
70,0.13958688080310822,0.3027043342590332,0.079215839505195618,0.24182610213756561
71,0.14619243144989014,0.31070876121520996,0.079070255160331726,0.24156288802623749
72,0.14419932663440704,0.31014618277549744,0.079078100621700287,0.2415875643491745
73,0.15045854449272156,0.31732594966888428,0.079136170446872711,0.24170169234275818
74,0.16308051347732544,0.33616036176681519,0.079186074435710907,0.24178938567638397
75,0.16151824593544006,0.33957788348197937,0.079241365194320679,0.24188421666622162
76,0.15629105269908905,0.3197074830532074,0.079209655523300171,0.2418302446603775
77,0.14193136990070343,0.30772677063941956,0.079305678606033325,0.24202252924442291
78,0.14579319953918457,0.31875899434089661,0.079471513628959656,0.24231036007404327
79,0.1467873752117157,0.31326934695243835,0.079475022852420807,0.24231809377670288
80,0.15490837395191193,0.31784948706626892,0.079348050057888031,0.24211402237415314
81,0.1366332620382309,0.30383196473121643,0.079267315566539764,0.24197894334793091
82,0.15283036231994629,0.32115373015403748,0.079194128513336182,0.24185416102409363
83,0.14935398101806641,0.31833189725875854,0.079167328774929047,0.24181260168552399
84,0.15806524455547333,0.3279154896736145,0.079305306077003479,0.24206045269966125
85,0.15366846323013306,0.32505467534065247,0.079455412924289703,0.24231435358524323
86,0.14885284006595612,0.31692701578140259,0.079507686197757721,0.24241542816162109
87,0.14932078123092651,0.31925860047340393,0.079422406852245331,0.24226705729961395
88,0.15301001071929932,0.32281452417373657,0.079396516084671021,0.24222603440284729
89,0.15322406589984894,0.32836884260177612,0.079477071762084961,0.24237945675849915
90,0.15657718479633331,0.32845184206962585,0.079362757503986359,0.2421785295009613
91,0.14976048469543457,0.31512975692749023,0.079359382390975952,0.24217824637889862
92,0.14948038756847382,0.32176849246025085,0.079439885914325714,0.24232989549636841
93,0.15529017150402069,0.32487094402313232,0.079428508877754211,0.24231578409671783
94,0.14841765165328979,0.3140721321105957,0.079175449907779694,0.24187929928302765
95,0.15846361219882965,0.33319512009620667,0.079121574759483337,0.24179448187351227
96,0.15121343731880188,0.31003129482269287,0.0791277214884758,0.2418074905872345
97,0.15897409617900848,0.32678598165512085,0.079083427786827087,0.24173788726329803
98,0.14471215009689331,0.31697741150856018,0.079045847058296204,0.24168029427528381
99,0.14683739840984344,0.31092500686645508,0.078939221799373627,0.24150261282920837
100,0.1699533611536026,0.33892005681991577,0.078958392143249512,0.24154159426689148
101,0.16186061501502991,0.33074072003364563,0.078914240002632141,0.24147060513496399
102,0.16091659665107727,0.33528816699981689,0.078833386301994324,0.24133256077766418
103,0.13282527029514313,0.29571577906608582,0.078837506473064423,0.24134641885757446
104,0.14077726006507874,0.30442261695861816,0.078712120652198792,0.24111822247505188
105,0.15594728291034698,0.32379847764968872,0.078743234276771545,0.24118730425834656
106,0.13999238610267639,0.30615437030792236,0.078748501837253571,0.24120537936687469
107,0.1576240211725235,0.32417342066764832,0.078769735991954803,0.24125026166439056
108,0.14504185318946838,0.31317746639251709,0.07875552773475647,0.24123126268386841
109,0.15483520925045013,0.32407614588737488,0.078710883855819702,0.24115659296512604
110,0.13900221884250641,0.3082173764705658,0.078604526817798615,0.24096356332302094
111,0.14202217757701874,0.31242215633392334,0.07863558828830719,0.24103040993213654
112,0.1538708508014679,0.31844791769981384,0.078556671738624573,0.24088546633720398
113,0.15560393035411835,0.32213923335075378,0.078371196985244751,0.24056051671504974
114,0.15697112679481506,0.32552686333656311,0.078325517475605011,0.24048377573490143
115,0.13969330489635468,0.3051815927028656,0.0782647505402565,0.24037298560142517
116,0.14146034419536591,0.31307423114776611,0.078396357595920563,0.24061897397041321
117,0.13561654090881348,0.30532363057136536,0.078294888138771057,0.24044683575630188
118,0.15404100716114044,0.31665733456611633,0.078334614634513855,0.24052135646343231
119,0.14754986763000488,0.31577190756797791,0.07842814177274704,0.24069815874099731
120,0.14198456704616547,0.30799859762191772,0.07829565554857254,0.24046236276626587
121,0.14294721186161041,0.311573326587677,0.078297257423400879,0.24046802520751953
122,0.15235921740531921,0.31855809688568115,0.07825835794210434,0.24040576815605164
123,0.14147664606571198,0.31297686696052551,0.078290805220603943,0.24046285450458527
124,0.13924269378185272,0.30007427930831909,0.078104011714458466,0.2401328980922699
125,0.15082767605781555,0.32454928755760193,0.078156910836696625,0.24024273455142975
126,0.15087795257568359,0.32069474458694458,0.078171752393245697,0.24027387797832489
127,0.14661183953285217,0.30848613381385803,0.078259870409965515,0.2404351532459259
128,0.1393858939409256,0.30556538701057434,0.078217849135398865,0.24035827815532684
129,0.14929814636707306,0.31903919577598572,0.078166529536247253,0.24027584493160248
130,0.16269907355308533,0.33678069710731506,0.078117318451404572,0.2401966005563736
131,0.14059862494468689,0.3048778772354126,0.078120492398738861,0.24020481109619141
132,0.14557577669620514,0.3113359808921814,0.078133426606655121,0.24022850394248962
133,0.14246326684951782,0.30904841423034668,0.07815030962228775,0.24026729166507721
134,0.14865952730178833,0.32026022672653198,0.078204907476902008,0.24038697779178619
135,0.14768846333026886,0.31554198265075684,0.078080371022224426,0.2401503324508667
136,0.14772520959377289,0.31944534182548523,0.078120991587638855,0.24023957550525665
137,0.13353212177753448,0.30232185125350952,0.078141137957572937,0.24028739333152771
138,0.14702335000038147,0.31598952412605286,0.078072890639305115,0.24015994369983673
139,0.13514849543571472,0.30233487486839294,0.078002013266086578,0.24003085494041443
140,0.15066006779670715,0.31893885135650635,0.078104414045810699,0.2402411550283432
141,0.13301035761833191,0.2944377064704895,0.078158728778362274,0.24034921824932098
142,0.14100052416324615,0.31170007586479187,0.07808232307434082,0.24021366238594055
143,0.13565446436405182,0.30246120691299438,0.078046917915344238,0.24015100300312042
144,0.15148100256919861,0.31983804702758789,0.078085951507091522,0.24023270606994629
145,0.14301842451095581,0.31205987930297852,0.078064955770969391,0.24020133912563324
146,0.1407560259103775,0.3056989312171936,0.077929683029651642,0.23994506895542145
147,0.1406911313533783,0.31072664260864258,0.078006401658058167,0.2401052862405777
148,0.14923268556594849,0.31322494149208069,0.077941164374351501,0.23998783528804779
149,0.13117943704128265,0.29796630144119263,0.077870942652225494,0.2398533970117569
150,0.12989397346973419,0.29593801498413086,0.077862314879894257,0.23984338343143463
151,0.13506932556629181,0.29867583513259888,0.077857136726379395,0.2398417592048645
152,0.15151280164718628,0.32157668471336365,0.077923841774463654,0.23998230695724487
153,0.14188332855701447,0.30330532789230347,0.077903009951114655,0.23994910717010498
154,0.16354800760746002,0.33593985438346863,0.077926672995090485,0.24000011384487152
155,0.1534789651632309,0.32639938592910767,0.077824994921684265,0.23981370031833649
156,0.14209108054637909,0.30787402391433716,0.077786579728126526,0.23974636197090149
157,0.12715828418731689,0.28657427430152893,0.077778898179531097,0.23973852396011353
158,0.14241887629032135,0.31491369009017944,0.077695153653621674,0.2395738810300827
159,0.13464498519897461,0.29929226636886597,0.077659979462623596,0.23951455950737
160,0.13645423948764801,0.30626592040061951,0.07760939747095108,0.23943199217319489
161,0.14936970174312592,0.31384351849555969,0.077605560421943665,0.23942857980728149
162,0.14425636827945709,0.31808069348335266,0.077504031360149384,0.23925215005874634
163,0.14899227023124695,0.32057854533195496,0.07751966267824173,0.23928608000278473
164,0.12941084802150726,0.29292401671409607,0.07739643007516861,0.23904867470264435
165,0.15277603268623352,0.31877020001411438,0.07750430703163147,0.23926764726638794
166,0.13674646615982056,0.30485197901725769,0.077492751181125641,0.23925040662288666
167,0.15245525538921356,0.32745173573493958,0.077591083943843842,0.23944634199142456
168,0.15737557411193848,0.32409036159515381,0.077554479241371155,0.23937971889972687
169,0.14484649896621704,0.31241133809089661,0.077489957213401794,0.23925775289535522
170,0.13891172409057617,0.30362087488174438,0.07744947075843811,0.23919078707695007
171,0.13850872218608856,0.30308902263641357,0.077397957444190979,0.23910467326641083
172,0.15229551494121552,0.32333832979202271,0.07732902467250824,0.23898240923881531
173,0.14191782474517822,0.3093971312046051,0.077280156314373016,0.23889249563217163
174,0.14708472788333893,0.31490945816040039,0.077294692397117615,0.23892946541309357
175,0.13576884567737579,0.29709750413894653,0.07729627937078476,0.23893861472606659
176,0.13938054442405701,0.30826470255851746,0.077283009886741638,0.23891980946063995
177,0.14084777235984802,0.30634793639183044,0.077196381986141205,0.23875713348388672
178,0.13906826078891754,0.3079264760017395,0.077180676162242889,0.23873439431190491
179,0.13604557514190674,0.29835957288742065,0.077205806970596313,0.23879304528236389
180,0.15326176583766937,0.32947355508804321,0.07724926620721817,0.23888061940670013
181,0.14591227471828461,0.31894063949584961,0.077275492250919342,0.23893027007579803
182,0.15391124784946442,0.32335963845252991,0.077339246869087219,0.23907123506069183
183,0.14026652276515961,0.30539050698280334,0.077402852475643158,0.23920470476150513
184,0.14031843841075897,0.31025943160057068,0.077403634786605835,0.23921141028404236
185,0.13349668681621552,0.30606979131698608,0.077422149479389191,0.23925073444843292
186,0.14475859701633453,0.30565512180328369,0.077484160661697388,0.23936496675014496
187,0.14669924974441528,0.30990535020828247,0.077414274215698242,0.23924553394317627
188,0.14079558849334717,0.30285367369651794,0.07742888480424881,0.23927655816078186
189,0.15194930136203766,0.31778907775878906,0.077312193810939789,0.23906925320625305
190,0.12585924565792084,0.29292434453964233,0.077263385057449341,0.238981693983078
191,0.15691623091697693,0.32725882530212402,0.077264368534088135,0.2389911562204361
192,0.14410872757434845,0.31515392661094666,0.077299542725086212,0.23906350135803223
193,0.14306512475013733,0.31221875548362732,0.077498078346252441,0.23940533399581909
194,0.1484401524066925,0.31427896022796631,0.077570557594299316,0.23952881991863251
195,0.15808135271072388,0.32985085248947144,0.077634990215301514,0.23965337872505188
196,0.14514452219009399,0.31186220049858093,0.077612109482288361,0.23961733281612396
197,0.14191320538520813,0.3100217878818512,0.077593259513378143,0.23958867788314819
198,0.1455872505903244,0.30968955159187317,0.077558763325214386,0.2395312488079071
199,0.15525822341442108,0.31916195154190063,0.077462956309318542,0.2393600195646286
200,0.15466301143169403,0.3262982964515686,0.077392317354679108,0.23924721777439117
201,0.14707525074481964,0.3128703236579895,0.077196985483169556,0.23892518877983093
202,0.13867194950580597,0.29924899339675903,0.077129818499088287,0.23880869150161743
203,0.13479927182197571,0.2988513708114624,0.077229395508766174,0.23898866772651672
204,0.15703505277633667,0.32334995269775391,0.077075108885765076,0.23871949315071106
205,0.13888870179653168,0.3071599006652832,0.076971501111984253,0.23852550983428955
206,0.14076666533946991,0.30654746294021606,0.076921030879020691,0.23843339085578918
207,0.14617660641670227,0.31743770837783813,0.076905585825443268,0.23841111361980438
208,0.13815800845623016,0.30501049757003784,0.076902493834495544,0.23841437697410583
209,0.12969624996185303,0.29229158163070679,0.076901808381080627,0.23842231929302216
210,0.14280830323696136,0.31070956587791443,0.076949559152126312,0.23852381110191345
211,0.15021848678588867,0.32104888558387756,0.077011048793792725,0.23864226043224335
212,0.12691779434680939,0.29608938097953796,0.076950512826442719,0.23853732645511627
213,0.13995800912380219,0.30737176537513733,0.076908797025680542,0.23846587538719177
214,0.14015886187553406,0.30859509110450745,0.076771743595600128,0.23820208013057709
215,0.14017041027545929,0.30921486020088196,0.076801024377346039,0.23827041685581207
216,0.13677546381950378,0.30511191487312317,0.076808400452136993,0.23829230666160583
217,0.1365165114402771,0.30397844314575195,0.076811432838439941,0.23830494284629822
218,0.13741777837276459,0.30419275164604187,0.076775908470153809,0.23824384808540344
219,0.1477130800485611,0.32186847925186157,0.076831892132759094,0.23835663497447968
220,0.1411755383014679,0.31345954537391663,0.07681410014629364,0.23832882940769196
221,0.14178203046321869,0.30809947848320007,0.076753117144107819,0.23821978271007538
222,0.14552313089370728,0.31808763742446899,0.076708294451236725,0.23814027011394501
223,0.14273384213447571,0.3090265691280365,0.07686188817024231,0.23842835426330566
224,0.13878887891769409,0.30536067485809326,0.07684008777141571,0.23839445412158966
225,0.14481620490550995,0.31102031469345093,0.076828069984912872,0.23837698996067047
226,0.14405877888202667,0.31421664357185364,0.076772309839725494,0.23828282952308655
227,0.14353492856025696,0.3153800368309021,0.076805703341960907,0.23834547400474548
228,0.1404028981924057,0.30600473284721375,0.076862156391143799,0.23844254016876221
229,0.11733531951904297,0.27363863587379456,0.076799735426902771,0.23834078013896942
230,0.12598630785942078,0.29120415449142456,0.076660864055156708,0.2381007969379425
231,0.13136948645114899,0.29401513934135437,0.076542921364307404,0.23787835240364075
232,0.14707194268703461,0.3142412006855011,0.076581805944442749,0.23796187341213226
233,0.14635929465293884,0.31797641515731812,0.076505571603775024,0.23781916499137878
234,0.13093046844005585,0.29593884944915771,0.076454579830169678,0.23772305250167847
235,0.12842784821987152,0.29794380068778992,0.076375260949134827,0.23756171762943268
236,0.14747408032417297,0.31601026654243469,0.076355390250682831,0.23752930760383606
237,0.15907897055149078,0.33231917023658752,0.076382331550121307,0.23760098218917847
238,0.14161007106304169,0.30544191598892212,0.07631809264421463,0.23747198283672333
239,0.1402391642332077,0.30660870671272278,0.076203674077987671,0.23725666105747223
240,0.14140358567237854,0.31221780180931091,0.076220586895942688,0.2372954785823822
241,0.13242368400096893,0.29636126756668091,0.076214037835597992,0.23728813230991364
242,0.15599805116653442,0.32435089349746704,0.076261669397354126,0.23739179968833923
243,0.15647059679031372,0.32330358028411865,0.076242633163928986,0.23736068606376648
244,0.13668949902057648,0.30474302172660828,0.076218418776988983,0.23731869459152222
245,0.1410830020904541,0.3043961226940155,0.076215066015720367,0.23732157051563263
246,0.1428857296705246,0.31036880612373352,0.076107554137706757,0.23711423575878143
247,0.13896985352039337,0.30611774325370789,0.076107747852802277,0.23712004721164703
248,0.14624667167663574,0.31227293610572815,0.0760912224650383,0.23709481954574585
249,0.13613972067832947,0.30050146579742432,0.076084308326244354,0.23708634078502655
250,0.14084212481975555,0.31181877851486206,0.076101914048194885,0.23712208867073059
251,0.15716999769210815,0.33003968000411987,0.076135598123073578,0.23721015453338623
252,0.13928064703941345,0.30409878492355347,0.07610619068145752,0.23715546727180481
253,0.13168841600418091,0.3017774224281311,0.076050020754337311,0.23704034090042114
254,0.14706005156040192,0.32094892859458923,0.076148226857185364,0.23726548254489899
255,0.15052002668380737,0.3223193883895874,0.076126471161842346,0.23722879588603973
256,0.14657461643218994,0.31859311461448669,0.076080285012722015,0.23714347183704376
257,0.13636133074760437,0.29974782466888428,0.076001010835170746,0.23697875440120697
258,0.13052834570407867,0.29586794972419739,0.076036132872104645,0.23706863820552826
259,0.13568681478500366,0.29980739951133728,0.076147407293319702,0.23730374872684479
260,0.13659621775150299,0.30419930815696716,0.076106064021587372,0.23722977936267853
261,0.13786101341247559,0.30872604250907898,0.076232984662055969,0.23746904730796814
262,0.14161604642868042,0.30898439884185791,0.076347090303897858,0.23766249418258667
263,0.13779017329216003,0.31187638640403748,0.076418839395046234,0.23777899146080017
264,0.13724765181541443,0.30541172623634338,0.076326221227645874,0.23763203620910645
265,0.13701039552688599,0.30192294716835022,0.076336391270160675,0.23764866590499878
266,0.14830295741558075,0.32091298699378967,0.076440654695034027,0.2378353625535965
267,0.14552684128284454,0.31894224882125854,0.076430633664131165,0.23782283067703247
268,0.13944306969642639,0.31334516406059265,0.076414138078689575,0.2377970814704895
269,0.14547085762023926,0.3190460205078125,0.076209962368011475,0.2374512255191803
270,0.15053458511829376,0.31714743375778198,0.076297178864479065,0.23759157955646515
271,0.13992652297019958,0.30304738879203796,0.076190434396266937,0.23742248117923737
272,0.14865647256374359,0.32085317373275757,0.076185852289199829,0.23741677403450012
273,0.15732306241989136,0.33117735385894775,0.076156668365001678,0.2373710423707962
274,0.14718200266361237,0.31566610932350159,0.076057314872741699,0.23720866441726685
275,0.12512344121932983,0.29063317179679871,0.07611507922410965,0.23730644583702087
276,0.14965005218982697,0.32000845670700073,0.076099306344985962,0.23728157579898834
277,0.13344199955463409,0.29647892713546753,0.076094508171081543,0.2372749000787735
278,0.1450866162776947,0.31989479064941406,0.076105237007141113,0.23729324340820312
279,0.14565934240818024,0.31683805584907532,0.076059907674789429,0.23722167313098907
280,0.14016993343830109,0.30779111385345459,0.076040677726268768,0.23719154298305511
281,0.14350546896457672,0.3134799599647522,0.075984731316566467,0.23710218071937561
282,0.15567320585250854,0.33612024784088135,0.075974836945533752,0.23708820343017578
283,0.14588573575019836,0.31628513336181641,0.07603059709072113,0.23717981576919556
284,0.14707309007644653,0.30914825201034546,0.075948581099510193,0.23704895377159119
285,0.13813319802284241,0.30550375580787659,0.075872704386711121,0.23692429065704346
286,0.13123534619808197,0.2981724739074707,0.07583744078874588,0.2368670254945755
287,0.13007591664791107,0.29320549964904785,0.075761891901493073,0.23673640191555023
288,0.12795987725257874,0.29291614890098572,0.075672969222068787,0.23657654225826263
289,0.14075891673564911,0.30960831046104431,0.075660459697246552,0.23655752837657928
290,0.13391417264938354,0.30405518412590027,0.075624406337738037,0.23649318516254425
291,0.15208242833614349,0.32243093848228455,0.075575090944766998,0.23640117049217224
292,0.15405911207199097,0.31530258059501648,0.075486063957214355,0.23622304201126099
293,0.15392574667930603,0.32849490642547607,0.075465500354766846,0.2361922413110733
294,0.13507622480392456,0.30084580183029175,0.075468741357326508,0.23621200025081635
295,0.13895870745182037,0.29899480938911438,0.075549386441707611,0.2363821417093277
296,0.14272372424602509,0.31544819474220276,0.075571522116661072,0.23642939329147339
297,0.13348139822483063,0.29705426096916199,0.075471170246601105,0.23624072968959808
298,0.1279115229845047,0.29375344514846802,0.075532272458076477,0.23636537790298462
299,0.13670237362384796,0.30498650670051575,0.075516663491725922,0.23634131252765656
300,0.14626069366931915,0.31557735800743103,0.075548671185970306,0.2364053875207901
301,0.12034320086240768,0.2849079966545105,0.075421944260597229,0.236170694231987
302,0.14873702824115753,0.31554999947547913,0.075316265225410461,0.23595933616161346
303,0.1354784220457077,0.29991793632507324,0.075340911746025085,0.23601962625980377
304,0.15315362811088562,0.32545039057731628,0.075363390147686005,0.23607449233531952
305,0.13179084658622742,0.29894059896469116,0.075335003435611725,0.23602619767189026
306,0.14162765443325043,0.31149676442146301,0.075266748666763306,0.23589371144771576
307,0.14477020502090454,0.31910380721092224,0.075185239315032959,0.23572321236133575
308,0.1403535008430481,0.30756863951683044,0.075199723243713379,0.23576804995536804
309,0.14382603764533997,0.31363007426261902,0.075185105204582214,0.23574796319007874
310,0.13562394678592682,0.30035117268562317,0.075223587453365326,0.23584039509296417
311,0.14569674432277679,0.31921675801277161,0.075210168957710266,0.23582048714160919
312,0.14287865161895752,0.31275579333305359,0.075179457664489746,0.23576308786869049
313,0.13695980608463287,0.30457493662834167,0.07514335960149765,0.23569448292255402
314,0.14403815567493439,0.30937179923057556,0.075072482228279114,0.23554743826389313
315,0.13753072917461395,0.30673360824584961,0.075119316577911377,0.23566333949565887
316,0.15617179870605469,0.32624760270118713,0.075214825570583344,0.23586666584014893
317,0.14540340006351471,0.31540760397911072,0.075145237147808075,0.23573645949363708
318,0.12232903391122818,0.28347176313400269,0.075176529586315155,0.23580549657344818
319,0.14664946496486664,0.31845691800117493,0.075157202780246735,0.235775426030159
320,0.12751561403274536,0.29234474897384644,0.07508472353219986,0.23563721776008606
321,0.13489595055580139,0.30515113472938538,0.075258247554302216,0.23597028851509094
322,0.14531105756759644,0.31398090720176697,0.075332827866077423,0.23609901964664459
323,0.14428809285163879,0.31399750709533691,0.075328633189201355,0.23609364032745361
324,0.14822050929069519,0.31947153806686401,0.075337067246437073,0.2361084371805191
325,0.15338362753391266,0.32933610677719116,0.075318709015846252,0.23607993125915527
326,0.14721299707889557,0.31390482187271118,0.075279705226421356,0.23601716756820679
327,0.13098320364952087,0.29611444473266602,0.075109042227268219,0.23572497069835663
328,0.14275790750980377,0.31273677945137024,0.075258180499076843,0.23598386347293854
329,0.14792022109031677,0.31594392657279968,0.075303606688976288,0.23605704307556152
330,0.14300118386745453,0.31344348192214966,0.07525913417339325,0.23598688840866089
331,0.13937975466251373,0.30751481652259827,0.075267881155014038,0.23600116372108459
332,0.14540879428386688,0.31470173597335815,0.075249098241329193,0.23597179353237152
333,0.13942316174507141,0.3052850067615509,0.075197309255599976,0.23588986694812775
334,0.14098547399044037,0.30980557203292847,0.075158983469009399,0.23582860827445984
335,0.12082243710756302,0.28348824381828308,0.075181476771831512,0.2358650416135788
336,0.13028307259082794,0.30330482125282288,0.075198739767074585,0.23589323461055756
337,0.13712030649185181,0.30967512726783752,0.075171522796154022,0.2358507364988327
338,0.1202564612030983,0.28861480951309204,0.075234435498714447,0.23595617711544037
339,0.13244986534118652,0.29989388585090637,0.075233802199363708,0.23596075177192688
340,0.13142877817153931,0.2912929356098175,0.075280047953128815,0.23607006669044495
341,0.13070985674858093,0.29683899879455566,0.075062938034534454,0.2356792539358139
342,0.14140006899833679,0.31260156631469727,0.075136251747608185,0.23579531908035278
343,0.13387367129325867,0.29989555478096008,0.075064890086650848,0.2356831431388855
344,0.13968940079212189,0.31227123737335205,0.074968591332435608,0.2355274111032486
345,0.13650263845920563,0.30687206983566284,0.07493678480386734,0.23547504842281342
346,0.13783808052539825,0.30558443069458008,0.074874140322208405,0.23536871373653412
347,0.13250724971294403,0.30147895216941833,0.074791885912418365,0.23522433638572693
348,0.13108037412166595,0.29821273684501648,0.074714243412017822,0.23508290946483612
349,0.13837680220603943,0.30770546197891235,0.074696317315101624,0.23505312204360962
350,0.13716277480125427,0.31160253286361694,0.074653096497058868,0.2349739670753479
351,0.12780822813510895,0.29511293768882751,0.074579864740371704,0.23483350872993469
352,0.1282067745923996,0.29323676228523254,0.074592277407646179,0.23486709594726562
353,0.13480070233345032,0.30501812696456909,0.074556022882461548,0.2347998172044754
354,0.12716399133205414,0.2894536554813385,0.07448936253786087,0.2346656322479248
355,0.14546573162078857,0.32081413269042969,0.074535727500915527,0.23477533459663391
356,0.12509699165821075,0.29252511262893677,0.074521742761135101,0.2347535640001297
357,0.13107487559318542,0.30082225799560547,0.074474126100540161,0.23466160893440247
358,0.14681468904018402,0.31536045670509338,0.074539758265018463,0.23480471968650818
359,0.13860563933849335,0.30475327372550964,0.074623070657253265,0.2349669337272644
360,0.12918359041213989,0.29568833112716675,0.074617072939872742,0.2349599301815033
361,0.14785973727703094,0.31743970513343811,0.07458941638469696,0.23491406440734863
362,0.12438619881868362,0.29131403565406799,0.074592992663383484,0.23492376506328583
363,0.12792313098907471,0.29521045088768005,0.07455483078956604,0.23485851287841797
364,0.1293119341135025,0.29695767164230347,0.074546933174133301,0.23484854400157928
365,0.14344273507595062,0.31144201755523682,0.074637383222579956,0.23500935733318329
366,0.13615924119949341,0.30550524592399597,0.074645861983299255,0.23502460122108459
367,0.1279243677854538,0.29248324036598206,0.074590608477592468,0.23493407666683197
368,0.12846490740776062,0.29680162668228149,0.074484862387180328,0.2347525954246521
369,0.13724793493747711,0.302875816822052,0.074473053216934204,0.23473508656024933
370,0.12951716780662537,0.29241850972175598,0.074376903474330902,0.23456117510795593
371,0.12523724138736725,0.29339641332626343,0.074279837310314178,0.23437616229057312
372,0.13891603052616119,0.31164583563804626,0.074293188750743866,0.23441173136234283
373,0.13001967966556549,0.30021423101425171,0.074204675853252411,0.23423603177070618
374,0.13388176262378693,0.29942914843559265,0.074164934456348419,0.23416008055210114
375,0.15133869647979736,0.32572683691978455,0.074108242988586426,0.23404665291309357
376,0.12890918552875519,0.29790657758712769,0.073999285697937012,0.23379369080066681
377,0.13775719702243805,0.31071138381958008,0.073973268270492554,0.23374736309051514
378,0.13638100028038025,0.30387100577354431,0.073997631669044495,0.23381851613521576
379,0.12894469499588013,0.29786902666091919,0.073923103511333466,0.2336590588092804
380,0.14292289316654205,0.31016266345977783,0.073966220021247864,0.23377369344234467
381,0.14060299098491669,0.30804044008255005,0.073976367712020874,0.23381559550762177
382,0.13956062495708466,0.30675777792930603,0.07397141307592392,0.23381724953651428
383,0.13820108771324158,0.31054484844207764,0.073935776948928833,0.23374508321285248
384,0.13676221668720245,0.30266699194908142,0.074042819440364838,0.23399676382541656
385,0.13124822080135345,0.2972530722618103,0.074004665017127991,0.23392544686794281
386,0.12838855385780334,0.29326808452606201,0.074004665017127991,0.23393382132053375
387,0.13868775963783264,0.30414247512817383,0.073996536433696747,0.23392456769943237
388,0.14105944335460663,0.30492353439331055,0.073899313807487488,0.23371921479701996
389,0.13067682087421417,0.29741206765174866,0.0738949254155159,0.23371843993663788
390,0.13601195812225342,0.30487549304962158,0.073882877826690674,0.23370233178138733
391,0.140682652592659,0.30864927172660828,0.073905237019062042,0.23376090824604034
392,0.12691745162010193,0.28987646102905273,0.073995091021060944,0.23395171761512756
393,0.12984505295753479,0.29646512866020203,0.073937036097049713,0.23384194076061249
394,0.12134643644094467,0.2817988395690918,0.073944181203842163,0.23386222124099731
395,0.12210042774677277,0.28036361932754517,0.0739632248878479,0.23390495777130127
396,0.13399697840213776,0.30714210867881775,0.073909863829612732,0.23380418121814728
397,0.1382816880941391,0.30532738566398621,0.073872894048690796,0.23373611271381378
398,0.13974346220493317,0.3083423376083374,0.07383226603269577,0.23365631699562073
399,0.12754084169864655,0.29893133044242859,0.073849931359291077,0.23369896411895752
400,0.12520936131477356,0.29260081052780151,0.073862932622432709,0.2337309718132019
401,0.11650584638118744,0.28231415152549744,0.073826737701892853,0.23366351425647736
402,0.13882932066917419,0.3119862973690033,0.073758862912654877,0.23352888226509094
403,0.13021127879619598,0.30241027474403381,0.073815673589706421,0.2336529940366745
404,0.13587988913059235,0.29891923069953918,0.073801174759864807,0.23363102972507477
405,0.13172872364521027,0.29485419392585754,0.073828928172588348,0.23369209468364716
406,0.14748182892799377,0.32362613081932068,0.073758609592914581,0.23355965316295624
407,0.1411464512348175,0.31039717793464661,0.073818773031234741,0.23368269205093384
408,0.148907870054245,0.32446584105491638,0.073798619210720062,0.23365010321140289
409,0.13262923061847687,0.29352712631225586,0.073717407882213593,0.23349547386169434
410,0.13446430861949921,0.29884940385818481,0.073663756251335144,0.23339287936687469
411,0.12179745733737946,0.2848760187625885,0.073576875030994415,0.23321230709552765
412,0.14219008386135101,0.3171665370464325,0.07352854311466217,0.2331102192401886
413,0.13255928456783295,0.29725167155265808,0.073569856584072113,0.23321588337421417
414,0.1266724169254303,0.2980806827545166,0.073561184108257294,0.23320457339286804
415,0.12627872824668884,0.284170001745224,0.073570147156715393,0.2332313060760498
416,0.12508244812488556,0.29093465209007263,0.073600642383098602,0.23330321907997131
417,0.12260041385889053,0.28615763783454895,0.073489300906658173,0.23307166993618011
418,0.12479653209447861,0.28882521390914917,0.073405057191848755,0.23288162052631378
419,0.14159426093101501,0.30911239981651306,0.073422625660896301,0.23294065892696381
420,0.12179790437221527,0.28703147172927856,0.073384083807468414,0.23286089301109314
421,0.12963242828845978,0.29683274030685425,0.073339343070983887,0.23275923728942871
422,0.14539924263954163,0.31362581253051758,0.07335316389799118,0.23280569911003113
423,0.13427431881427765,0.30312356352806091,0.073382668197154999,0.23289056122303009
424,0.12779533863067627,0.29270881414413452,0.07334379106760025,0.23281013965606689
425,0.13039766252040863,0.29390242695808411,0.073353491723537445,0.23284369707107544
426,0.13857881724834442,0.31097564101219177,0.073373712599277496,0.23289887607097626
427,0.13402754068374634,0.298958420753479,0.073410786688327789,0.23298807442188263
428,0.14061261713504791,0.31195557117462158,0.0733838751912117,0.2329389750957489
429,0.14225083589553833,0.31166881322860718,0.073407374322414398,0.23299510776996613
430,0.13592995703220367,0.30385193228721619,0.073372989892959595,0.2329292893409729
431,0.12497568130493164,0.29699018597602844,0.073396109044551849,0.23298531770706177
432,0.13665051758289337,0.30194169282913208,0.073330454528331757,0.23285785317420959
433,0.13734711706638336,0.30352386832237244,0.073306240141391754,0.23281267285346985
434,0.13415718078613281,0.30479937791824341,0.073431812226772308,0.23307058215141296
435,0.12599097192287445,0.29019290208816528,0.073450081050395966,0.23310840129852295
436,0.12778708338737488,0.29697507619857788,0.07335662841796875,0.23293466866016388
437,0.12043170630931854,0.28696912527084351,0.07333558052778244,0.23289622366428375
438,0.12910175323486328,0.29422801733016968,0.073300644755363464,0.23283256590366364
439,0.13650085031986237,0.30838167667388916,0.073236837983131409,0.23270930349826813
440,0.11826515197753906,0.28208920359611511,0.073095172643661499,0.23239623010158539
441,0.12851144373416901,0.29190561175346375,0.073178909718990326,0.23259887099266052
442,0.13691478967666626,0.31104108691215515,0.073214955627918243,0.23268318176269531
443,0.13471683859825134,0.30443796515464783,0.073208063840866089,0.23267583549022675
444,0.12886475026607513,0.2968171238899231,0.073131471872329712,0.23252163827419281
445,0.13128720223903656,0.30304241180419922,0.073146842420101166,0.23256111145019531
446,0.13800467550754547,0.29921290278434753,0.07312002032995224,0.23251162469387054
447,0.13430710136890411,0.30176934599876404,0.073167271912097931,0.23261812329292297
448,0.12796410918235779,0.29260241985321045,0.073143027722835541,0.23257358372211456
449,0.12906242907047272,0.29688483476638794,0.073096439242362976,0.23248358070850372
450,0.12950941920280457,0.29545021057128906,0.07307811826467514,0.23245304822921753
451,0.12715080380439758,0.29758667945861816,0.072970256209373474,0.23221981525421143
452,0.14528432488441467,0.31714498996734619,0.072908543050289154,0.23207923769950867
453,0.12040409445762634,0.2806658148765564,0.072890371084213257,0.23204505443572998
454,0.13075610995292664,0.30079245567321777,0.072931014001369476,0.23215746879577637
455,0.1292145848274231,0.29982733726501465,0.072869658470153809,0.23201857507228851
456,0.12226715683937073,0.28785187005996704,0.072877831757068634,0.23205253481864929
457,0.12897895276546478,0.29495793581008911,0.072902768850326538,0.23212400078773499
458,0.139126256108284,0.30653643608093262,0.072972938418388367,0.23228873312473297
459,0.14008206129074097,0.30933815240859985,0.072966739535331726,0.23228304088115692
460,0.13195672631263733,0.29754102230072021,0.07287181168794632,0.2320852130651474
461,0.12813965976238251,0.29346296191215515,0.072864681482315063,0.23207551240921021
462,0.13956885039806366,0.31173655390739441,0.072862863540649414,0.23208163678646088
463,0.12385398894548416,0.28821176290512085,0.072823897004127502,0.23200167715549469
464,0.13334700465202332,0.29996567964553833,0.072837807238101959,0.2320418506860733
465,0.13371279835700989,0.30474215745925903,0.07276308536529541,0.23188091814517975
466,0.11628224700689316,0.28610998392105103,0.072814106941223145,0.23200869560241699
467,0.13458287715911865,0.30097642540931702,0.07273506373167038,0.23183520138263702
468,0.12853279709815979,0.29737180471420288,0.072761334478855133,0.2319067120552063
469,0.12613840401172638,0.28724569082260132,0.072692230343818665,0.23175154626369476
470,0.12178819626569748,0.287162184715271,0.07265077531337738,0.2316601574420929
471,0.13784514367580414,0.30702263116836548,0.072652779519557953,0.23167833685874939
472,0.11492008715867996,0.27875214815139771,0.072630055248737335,0.23163269460201263
473,0.1326913982629776,0.29977619647979736,0.072586111724376678,0.23153084516525269
474,0.12997251749038696,0.29983687400817871,0.072582483291625977,0.23153585195541382
475,0.12509137392044067,0.29327413439750671,0.07252870500087738,0.23140917718410492
476,0.13116846978664398,0.30273550748825073,0.072538912296295166,0.23145550489425659
477,0.13112279772758484,0.30122080445289612,0.072563804686069489,0.2315337210893631
478,0.11821442097425461,0.2813107967376709,0.072546645998954773,0.23150409758090973
479,0.13569630682468414,0.30493319034576416,0.07253294438123703,0.23148441314697266
480,0.13133123517036438,0.29314526915550232,0.072578758001327515,0.23160366714000702
481,0.12421189993619919,0.29067441821098328,0.072525113821029663,0.2314881831407547
482,0.12097068876028061,0.28375369310379028,0.072504393756389618,0.23144704103469849
483,0.12895354628562927,0.29643511772155762,0.072497613728046417,0.23143893480300903
484,0.12553901970386505,0.29414942860603333,0.072464808821678162,0.23137007653713226
485,0.12420562654733658,0.28949287533760071,0.072480373084545135,0.23142260313034058
486,0.11786364763975143,0.28247666358947754,0.072442725300788879,0.23134304583072662
487,0.13171288371086121,0.30244117975234985,0.07257554680109024,0.23165304958820343
488,0.11399942636489868,0.27803692221641541,0.072527296841144562,0.23155705630779266
489,0.12295596301555634,0.2867552638053894,0.072473891079425812,0.23144882917404175
490,0.12334857881069183,0.29284155368804932,0.07243058830499649,0.2313593327999115
491,0.13481037318706512,0.30573031306266785,0.072472847998142242,0.2314630001783371
492,0.12295706570148468,0.28714495897293091,0.072436198592185974,0.23138819634914398
493,0.12375464290380478,0.28629541397094727,0.072456322610378265,0.2314407080411911
494,0.13262367248535156,0.30795958638191223,0.072430998086929321,0.23139300942420959
495,0.12596012651920319,0.29379436373710632,0.072392597794532776,0.23131611943244934
496,0.12489069253206253,0.28919744491577148,0.072393111884593964,0.2313246876001358
497,0.12918047606945038,0.2984638512134552,0.07245258241891861,0.23145730793476105
498,0.12329034507274628,0.28965407609939575,0.072457320988178253,0.23147107660770416
499,0.13059380650520325,0.2963566780090332,0.07250107079744339,0.23156189918518066
500,0.14304892718791962,0.30752217769622803,0.072454236447811127,0.23147545754909515
501,0.12903514504432678,0.29789054393768311,0.072451978921890259,0.23147673904895782
502,0.12934279441833496,0.29547679424285889,0.072545945644378662,0.23165534436702728
503,0.13352669775485992,0.30221015214920044,0.072505690157413483,0.23158425092697144
504,0.12725014984607697,0.29994922876358032,0.072565898299217224,0.23169361054897308
505,0.14006395637989044,0.31399306654930115,0.072576865553855896,0.2317170649766922
506,0.1239575520157814,0.29251784086227417,0.072548918426036835,0.23166768252849579
507,0.13313502073287964,0.30412232875823975,0.072564966976642609,0.23170718550682068
508,0.13509303331375122,0.3048059344291687,0.072566837072372437,0.23171812295913696
509,0.12558208405971527,0.28953564167022705,0.072541549801826477,0.23167331516742706
510,0.12504082918167114,0.29475325345993042,0.072571098804473877,0.23174084722995758
511,0.12241033464670181,0.28802329301834106,0.072504028677940369,0.23161023855209351
512,0.11924849450588226,0.28857555985450745,0.072420649230480194,0.23145486414432526
513,0.12090021371841431,0.28470611572265625,0.072290591895580292,0.23121821880340576
514,0.14221315085887909,0.31072762608528137,0.072171539068222046,0.23098206520080566
515,0.12272638082504272,0.28318524360656738,0.072112582623958588,0.2308599054813385
516,0.1240403801202774,0.28624647855758667,0.072039671242237091,0.23070107400417328
517,0.12562057375907898,0.29258573055267334,0.072118721902370453,0.23088961839675903
518,0.1240551546216011,0.29230433702468872,0.072135590016841888,0.23093205690383911
519,0.12672300636768341,0.29329392313957214,0.072138503193855286,0.23094442486763
520,0.13005009293556213,0.29588386416435242,0.072154983878135681,0.23098441958427429
521,0.11807906627655029,0.27916601300239563,0.072060354053974152,0.23079478740692139
522,0.12655341625213623,0.2898535430431366,0.071990303695201874,0.23064716160297394
523,0.13131000101566315,0.30221351981163025,0.071986883878707886,0.2306501567363739
524,0.12100911885499954,0.28756049275398254,0.071988955140113831,0.2306654304265976
525,0.12389665842056274,0.29160553216934204,0.071971409022808075,0.23063412308692932
526,0.13482426106929779,0.30098554491996765,0.072010211646556854,0.23072418570518494
527,0.11348903924226761,0.27655810117721558,0.071934103965759277,0.2305665910243988
528,0.13604128360748291,0.30487358570098877,0.071873612701892853,0.23043571412563324
529,0.12973634898662567,0.29900616407394409,0.071937046945095062,0.23058779537677765
530,0.11888514459133148,0.28328439593315125,0.07193591445684433,0.23059086501598358
531,0.13116241991519928,0.29872503876686096,0.071916550397872925,0.23055745661258698
532,0.11874445527791977,0.28096580505371094,0.071985505521297455,0.23070582747459412
533,0.13295473158359528,0.30327266454696655,0.07206309586763382,0.2308584600687027
534,0.12357593327760696,0.28911158442497253,0.072063714265823364,0.23086188733577728
535,0.12644563615322113,0.29750499129295349,0.072126440703868866,0.23098373413085938
536,0.1264624148607254,0.29047584533691406,0.072096928954124451,0.23092938959598541
537,0.13015748560428619,0.29948574304580688,0.072141058743000031,0.23103198409080505
538,0.12980395555496216,0.29816907644271851,0.072282113134860992,0.23132030665874481
539,0.11848162859678268,0.28165602684020996,0.072287701070308685,0.23134152591228485
540,0.11694031208753586,0.28357154130935669,0.072256796061992645,0.2312798798084259
541,0.12886321544647217,0.2993781566619873,0.072205215692520142,0.23118278384208679
542,0.12276456505060196,0.29148659110069275,0.072177045047283173,0.23113361001014709
543,0.13371351361274719,0.30587098002433777,0.072131767868995667,0.23105055093765259
544,0.12527215480804443,0.29305395483970642,0.072043865919113159,0.23087805509567261
545,0.13843975961208344,0.30859962105751038,0.07210608571767807,0.23100970685482025
546,0.11358465254306793,0.28164306282997131,0.071995064616203308,0.23078888654708862
547,0.13841874897480011,0.30992034077644348,0.071851052343845367,0.23050762712955475
548,0.12361203134059906,0.28921589255332947,0.071804910898208618,0.23042415082454681
549,0.12869453430175781,0.29143524169921875,0.071803994476795197,0.23042622208595276
550,0.12205222994089127,0.28792431950569153,0.071728453040122986,0.23028266429901123
551,0.11651692539453506,0.28354865312576294,0.071693666279315948,0.23021715879440308
552,0.1248791366815567,0.29243382811546326,0.071648813784122467,0.23012897372245789
553,0.13301806151866913,0.30407571792602539,0.071612462401390076,0.23005834221839905
554,0.12104339897632599,0.28565603494644165,0.07167864590883255,0.23020149767398834
555,0.1364196240901947,0.3055768609046936,0.071711637079715729,0.23027001321315765
556,0.13277143239974976,0.297040194272995,0.071670517325401306,0.2301943302154541
557,0.12075218558311462,0.29269450902938843,0.071652978658676147,0.23016445338726044
558,0.12879939377307892,0.29943355917930603,0.071546785533428192,0.22995083034038544
559,0.11674197018146515,0.28016370534896851,0.071527950465679169,0.22991770505905151
560,0.12279246747493744,0.28897854685783386,0.071517385542392731,0.22990116477012634
561,0.13045109808444977,0.30163693428039551,0.071549125015735626,0.22997497022151947
562,0.12339214235544205,0.28940737247467041,0.071518398821353912,0.22991673648357391
563,0.13008338212966919,0.29488426446914673,0.071454212069511414,0.22978495061397552
564,0.12806391716003418,0.30082160234451294,0.07145170122385025,0.22978648543357849
565,0.11496863514184952,0.27433305978775024,0.071476258337497711,0.22984522581100464
566,0.12563653290271759,0.28801316022872925,0.071445934474468231,0.22978855669498444
567,0.1278177797794342,0.29534327983856201,0.071372382342815399,0.22963398694992065
568,0.12340719997882843,0.29256540536880493,0.071425192058086395,0.22975732386112213
569,0.1222710907459259,0.29076051712036133,0.071431703865528107,0.22977682948112488
570,0.1223117858171463,0.29382646083831787,0.07146066427230835,0.22984060645103455
571,0.11914338171482086,0.27786850929260254,0.071383096277713776,0.22968736290931702
572,0.11159791052341461,0.27211472392082214,0.071310482919216156,0.22953473031520844
573,0.13055957853794098,0.29998776316642761,0.071263566613197327,0.22943736612796783
574,0.13189956545829773,0.29991093277931213,0.071303226053714752,0.22953645884990692
575,0.14060263335704803,0.31469151377677917,0.071332141757011414,0.22960555553436279
576,0.12075655162334442,0.29252377152442932,0.071266144514083862,0.22946693003177643
577,0.11672230064868927,0.27964100241661072,0.071198418736457825,0.22931936383247375
578,0.12617333233356476,0.29862138628959656,0.071170546114444733,0.22926340997219086
579,0.13319650292396545,0.30118808150291443,0.071225978434085846,0.22940163314342499
580,0.12556855380535126,0.29069197177886963,0.071161530911922455,0.22926196455955505
581,0.13925860822200775,0.31134194135665894,0.071250542998313904,0.22946891188621521
582,0.12037196755409241,0.28052771091461182,0.071202658116817474,0.22937187552452087
583,0.12814745306968689,0.30004885792732239,0.071221835911273956,0.2294197678565979
584,0.13418513536453247,0.3075890839099884,0.071163542568683624,0.2293010801076889
585,0.12484783679246902,0.29362326860427856,0.071210533380508423,0.22940729558467865
586,0.1205412968993187,0.27995064854621887,0.071200206875801086,0.22939085960388184
587,0.12320864200592041,0.29216206073760986,0.071175724267959595,0.22934448719024658
588,0.13108445703983307,0.30186530947685242,0.071180574595928192,0.22936075925827026
589,0.12296449393033981,0.29377353191375732,0.071153618395328522,0.22931049764156342
590,0.12809775769710541,0.29787614941596985,0.071175776422023773,0.22936123609542847
591,0.12051834911108017,0.29005664587020874,0.071188852190971375,0.22939153015613556
592,0.12053797394037247,0.28162318468093872,0.071104422211647034,0.2292235791683197
593,0.12637385725975037,0.28931897878646851,0.071068674325942993,0.22915379703044891
594,0.12626701593399048,0.29191288352012634,0.071039363741874695,0.22909674048423767
595,0.12324032187461853,0.29242411255836487,0.070971168577671051,0.22894921898841858
596,0.12452279031276703,0.29508963227272034,0.070945300161838531,0.2288985550403595
597,0.11517096310853958,0.2786184549331665,0.071004018187522888,0.2290397584438324
598,0.11865944415330887,0.28727906942367554,0.071016274392604828,0.22907210886478424
599,0.12744416296482086,0.29298841953277588,0.071028314530849457,0.22910392284393311
600,0.12883414328098297,0.29829245805740356,0.070948362350463867,0.22893938422203064
601,0.12849009037017822,0.2951926589012146,0.07092740386724472,0.2289009690284729
602,0.12214452773332596,0.29043442010879517,0.070916898548603058,0.22888557612895966
603,0.12292760610580444,0.29038646817207336,0.07086307555437088,0.22876942157745361
604,0.1267276406288147,0.2937580943107605,0.07086152583360672,0.22877609729766846
605,0.12687359750270844,0.2991098165512085,0.070827245712280273,0.22870494425296783
606,0.12220071256160736,0.29078856110572815,0.070832356810569763,0.22872570157051086
607,0.11736547946929932,0.28300601243972778,0.070776939392089844,0.22860261797904968
608,0.12908251583576202,0.29628881812095642,0.070814594626426697,0.22870096564292908
609,0.12329177558422089,0.29629996418952942,0.070769183337688446,0.22860230505466461
610,0.12861202657222748,0.29547607898712158,0.070803843438625336,0.22869156301021576
611,0.12978045642375946,0.29643481969833374,0.07076311856508255,0.22860798239707947
612,0.12714050710201263,0.29457509517669678,0.070871330797672272,0.22884957492351532
613,0.1151331439614296,0.28656116127967834,0.070891603827476501,0.22889444231987
614,0.11770111322402954,0.28498652577400208,0.070846505463123322,0.22880749404430389
615,0.1322128027677536,0.29714524745941162,0.070809312164783478,0.22873525321483612
616,0.13059347867965698,0.29971200227737427,0.070781044661998749,0.22868436574935913
617,0.12116950750350952,0.28961527347564697,0.070731267333030701,0.22858266532421112
618,0.10394033789634705,0.26729312539100647,0.070619352161884308,0.22833104431629181
619,0.12564176321029663,0.28888249397277832,0.070613384246826172,0.22832764685153961
620,0.12148534506559372,0.29067528247833252,0.070582181215286255,0.2282613217830658
621,0.11860194802284241,0.28367078304290771,0.070634596049785614,0.22839578986167908
622,0.12516501545906067,0.29384177923202515,0.07062443345785141,0.22838227450847626
623,0.12555474042892456,0.29405596852302551,0.070613503456115723,0.22836527228355408
624,0.11222147196531296,0.27277979254722595,0.07063700258731842,0.22842520475387573
625,0.12302309274673462,0.28656154870986938,0.070648133754730225,0.22845502197742462
626,0.12899009883403778,0.29540613293647766,0.070642396807670593,0.22844818234443665
627,0.1190657839179039,0.28179126977920532,0.070727579295635223,0.22862382233142853
628,0.12958912551403046,0.29675155878067017,0.070826880633831024,0.2288525402545929
629,0.12475571781396866,0.2897266149520874,0.070853829383850098,0.22891943156719208
630,0.12335699051618576,0.28567895293235779,0.07084839791059494,0.22891505062580109
631,0.13198213279247284,0.29992619156837463,0.070869199931621552,0.22896529734134674
632,0.12151782959699631,0.28905493021011353,0.070776171982288361,0.22877344489097595
633,0.12709717452526093,0.29940873384475708,0.070652350783348083,0.22850239276885986
634,0.12066487967967987,0.28698673844337463,0.070564322173595428,0.22833071649074554
635,0.12404815107584,0.28878378868103027,0.070555061101913452,0.22831547260284424
636,0.10978404432535172,0.27361518144607544,0.070495389401912689,0.2281976044178009
637,0.11219864338636398,0.27811375260353088,0.070508606731891632,0.22823086380958557
638,0.12726011872291565,0.29224768280982971,0.070550262928009033,0.22831995785236359
639,0.11231587827205658,0.27229541540145874,0.070521563291549683,0.22826647758483887
640,0.11424768716096878,0.27778908610343933,0.070475570857524872,0.22817818820476532
641,0.12620390951633453,0.2933671772480011,0.070501416921615601,0.22823590040206909
642,0.12901253998279572,0.30160602927207947,0.070457696914672852,0.2281525582075119
643,0.13421034812927246,0.30413225293159485,0.070467300713062286,0.22817522287368774
644,0.11944245547056198,0.28469884395599365,0.070394575595855713,0.22802785038948059
645,0.13027583062648773,0.30077606439590454,0.070379473268985748,0.2280019223690033
646,0.11158286035060883,0.27517175674438477,0.070417672395706177,0.22808636724948883
647,0.13059124350547791,0.29820394515991211,0.070360369980335236,0.22797179222106934
648,0.1170637384057045,0.28496438264846802,0.070357330143451691,0.22797079384326935
649,0.12675087153911591,0.29057222604751587,0.070354171097278595,0.22796985507011414
650,0.13263043761253357,0.29784077405929565,0.070383988320827484,0.22803503274917603
651,0.12757864594459534,0.29707542061805725,0.070305876433849335,0.22787746787071228
652,0.10897956043481827,0.27790325880050659,0.070295900106430054,0.22786208987236023
653,0.12097201496362686,0.28581464290618896,0.070286668837070465,0.22784827649593353
654,0.12112138420343399,0.29340213537216187,0.070289395749568939,0.22786007821559906
655,0.12319999188184738,0.29350742697715759,0.070232778787612915,0.22774484753608704
656,0.11747365444898605,0.28035479784011841,0.070221200585365295,0.22772759199142456
657,0.12310957163572311,0.28241845965385437,0.070207841694355011,0.22770585119724274
658,0.11496450752019882,0.27766740322113037,0.07019447535276413,0.22768408060073853
659,0.11918071657419205,0.28479987382888794,0.070228688418865204,0.22776105999946594
660,0.11383027583360672,0.27923059463500977,0.070209778845310211,0.2277275025844574
661,0.11842494457960129,0.28202164173126221,0.070232711732387543,0.22777839004993439
662,0.11691081523895264,0.28647354245185852,0.07019275426864624,0.22770021855831146
663,0.12382261455059052,0.29396253824234009,0.070126049220561981,0.22756485641002655
664,0.12715204060077667,0.30130305886268616,0.070138558745384216,0.22759623825550079
665,0.12590889632701874,0.29202845692634583,0.07017238438129425,0.22767195105552673
666,0.12173537909984589,0.28913623094558716,0.070183314383029938,0.2276977002620697
667,0.11998824030160904,0.28486189246177673,0.070138998329639435,0.22761255502700806
668,0.11169394850730896,0.26925617456436157,0.070055678486824036,0.22744002938270569
669,0.1227998211979866,0.28796437382698059,0.070079728960990906,0.22749878466129303
670,0.1111985370516777,0.27427643537521362,0.06998569518327713,0.22729900479316711
671,0.11871863156557083,0.28147673606872559,0.069997146725654602,0.22733066976070404
672,0.12238360196352005,0.28971809148788452,0.07003987580537796,0.22742994129657745
673,0.12709599733352661,0.29734346270561218,0.070037588477134705,0.2274305522441864
674,0.12473595142364502,0.29391393065452576,0.070062555372714996,0.22748610377311707
675,0.12111955881118774,0.29151198267936707,0.070080295205116272,0.22753384709358215
676,0.11476770043373108,0.27525818347930908,0.07008206844329834,0.22754758596420288
677,0.1250138133764267,0.29316967725753784,0.070030376315116882,0.22743336856365204
678,0.11650612205266953,0.2816406786441803,0.069992676377296448,0.22735984623432159
679,0.12674194574356079,0.29673561453819275,0.069938890635967255,0.22725234925746918
680,0.12488312274217606,0.29220753908157349,0.069947637617588043,0.22727534174919128
681,0.12491866201162338,0.29466784000396729,0.069952704012393951,0.22729118168354034
682,0.12389306724071503,0.29052269458770752,0.06993577629327774,0.22726219892501831
683,0.12119083851575851,0.29051822423934937,0.069830253720283508,0.22703996300697327
684,0.11711373925209045,0.28378990292549133,0.069814138114452362,0.22701050341129303
685,0.10729765146970749,0.264771968126297,0.069766946136951447,0.22690710425376892
686,0.10927289724349976,0.26972430944442749,0.069817185401916504,0.22702942788600922
687,0.11956853419542313,0.28257817029953003,0.069797046482563019,0.22699074447154999
688,0.11057819426059723,0.27244770526885986,0.069848708808422089,0.2271077036857605
689,0.10995026677846909,0.26975572109222412,0.069816693663597107,0.22704491019248962
690,0.11922235786914825,0.2825855016708374,0.06973160058259964,0.22685958445072174
691,0.12005022913217545,0.28459516167640686,0.069698154926300049,0.22678858041763306
692,0.12279558926820755,0.289480060338974,0.069734774529933929,0.22688102722167969
693,0.1133253425359726,0.27989479899406433,0.069711886346340179,0.22683621942996979
694,0.11290494352579117,0.27884045243263245,0.069688156247138977,0.22679123282432556
695,0.11960399895906448,0.28568798303604126,0.069721430540084839,0.22687195241451263
696,0.1178363710641861,0.27669656276702881,0.069700025022029877,0.22683170437812805
697,0.11221597343683243,0.27123874425888062,0.069680400192737579,0.22679351270198822
698,0.12882311642169952,0.29843798279762268,0.069677427411079407,0.22679394483566284
699,0.1126808375120163,0.27503710985183716,0.069652535021305084,0.2267431914806366
700,0.11385919898748398,0.27821168303489685,0.06965067982673645,0.22674527764320374
701,0.1153385266661644,0.27950417995452881,0.069753818213939667,0.22698286175727844
702,0.1167718842625618,0.28443187475204468,0.069764651358127594,0.22701780498027802
703,0.12892161309719086,0.30140453577041626,0.069708578288555145,0.22688987851142883
704,0.1318461000919342,0.30514147877693176,0.069755375385284424,0.22701331973075867
705,0.11275212466716766,0.279887855052948,0.069819122552871704,0.22716660797595978
706,0.12882736325263977,0.29882326722145081,0.069660797715187073,0.22680051624774933
707,0.11717694997787476,0.283031165599823,0.069688506424427032,0.2268792986869812
708,0.11854162812232971,0.27922064065933228,0.069652192294597626,0.22680214047431946
709,0.10940210521221161,0.27434524893760681,0.069733753800392151,0.22700344026088715
710,0.12091395258903503,0.29120862483978271,0.069671809673309326,0.22686617076396942
711,0.11849287897348404,0.28255471587181091,0.069590263068675995,0.22667492926120758
712,0.12359018623828888,0.28724852204322815,0.069608345627784729,0.22673170268535614
713,0.1260102391242981,0.29360446333885193,0.069518662989139557,0.22653087973594666
714,0.12158006429672241,0.28430980443954468,0.069448217749595642,0.22638103365898132
715,0.11908188462257385,0.28379294276237488,0.06948496401309967,0.22646966576576233
716,0.1131732389330864,0.27998343110084534,0.069487184286117554,0.22647909820079803
717,0.12328790873289108,0.29167523980140686,0.069489553570747375,0.22648914158344269
718,0.11028009653091431,0.27989253401756287,0.069463163614273071,0.22643856704235077
719,0.11483832448720932,0.27972212433815002,0.069458141922950745,0.22643184661865234
720,0.12074767053127289,0.28499969840049744,0.06944478303194046,0.22640861570835114
721,0.11587581038475037,0.28090229630470276,0.069408737123012543,0.22633722424507141
722,0.12247758358716965,0.28681126236915588,0.069384567439556122,0.22629037499427795
723,0.12127432972192764,0.28323760628700256,0.069418728351593018,0.22637070715427399
724,0.11163434386253357,0.27550044655799866,0.069360010325908661,0.22624851763248444
725,0.12302226573228836,0.29058355093002319,0.069413423538208008,0.22637864947319031
726,0.12102674692869186,0.28778949379920959,0.069475263357162476,0.22653828561306
727,0.12601329386234283,0.29280367493629456,0.069435887038707733,0.22645245492458344
728,0.12749762833118439,0.29543969035148621,0.069429539144039154,0.22644643485546112
729,0.11735672503709793,0.2848852276802063,0.069445252418518066,0.22649176418781281
730,0.11906466633081436,0.28703606128692627,0.06946081668138504,0.22653807699680328
731,0.12143875658512115,0.28763559460639954,0.069404929876327515,0.22641466557979584
732,0.1234457939863205,0.28888052701950073,0.069373913109302521,0.22634904086589813
733,0.11481804400682449,0.27953150868415833,0.069252081215381622,0.2260642945766449
734,0.11997600644826889,0.28228220343589783,0.069291383028030396,0.22616279125213623
735,0.11372660845518112,0.2737809419631958,0.069286756217479706,0.22616139054298401
736,0.10998310148715973,0.27465450763702393,0.069295763969421387,0.22619359195232391
737,0.11342384666204453,0.27707335352897644,0.069233931601047516,0.22604537010192871
738,0.12249062210321426,0.2939130961894989,0.069223776459693909,0.22603243589401245
739,0.11121932417154312,0.26785266399383545,0.069083556532859802,0.22571781277656555
740,0.11702115833759308,0.28183344006538391,0.069041810929775238,0.22562369704246521
741,0.11643689870834351,0.28331097960472107,0.069052398204803467,0.22566211223602295
742,0.12298735976219177,0.2960277795791626,0.069041997194290161,0.22564628720283508
743,0.11497637629508972,0.27750396728515625,0.069052949547767639,0.22568145394325256
744,0.12125237286090851,0.29135182499885559,0.069064565002918243,0.22571563720703125
745,0.11435719579458237,0.28003174066543579,0.06904919445514679,0.22568634152412415
746,0.12341676652431488,0.2896898090839386,0.06910000741481781,0.2258051335811615
747,0.1192510649561882,0.28392592072486877,0.069128893315792084,0.22588807344436646
748,0.11736185103654861,0.28388229012489319,0.069070778787136078,0.22575227916240692
749,0.11148784309625626,0.27991044521331787,0.069072455167770386,0.22576701641082764
750,0.10979321599006653,0.27648115158081055,0.069025538861751556,0.22566577792167664
751,0.11241885274648666,0.27427041530609131,0.069033309817314148,0.22568808495998383
752,0.12059755623340607,0.2887711226940155,0.069002166390419006,0.22562626004219055
753,0.12832030653953552,0.29121643304824829,0.069006375968456268,0.22564147412776947
754,0.12162227928638458,0.29279300570487976,0.069089673459529877,0.22586189210414886
755,0.10350789129734039,0.26163950562477112,0.069083154201507568,0.22585470974445343
756,0.10976354777812958,0.27397552132606506,0.069086819887161255,0.2258729487657547
757,0.10842524468898773,0.26680901646614075,0.06905876100063324,0.22581419348716736
758,0.11747550219297409,0.28357675671577454,0.069054387509822845,0.22581364214420319
759,0.11891976743936539,0.28313824534416199,0.069095343351364136,0.22591748833656311
760,0.12704794108867645,0.29702755808830261,0.069046579301357269,0.22581082582473755
761,0.12542472779750824,0.29177135229110718,0.069001317024230957,0.22571107745170593
762,0.11575424671173096,0.28399106860160828,0.069008380174636841,0.22573482990264893
763,0.1216278076171875,0.28538611531257629,0.068975210189819336,0.22566527128219604
764,0.11151214689016342,0.2769501805305481,0.068928219377994537,0.22555811703205109
765,0.11432984471321106,0.27968785166740417,0.068900942802429199,0.22549724578857422
766,0.11685200780630112,0.28542047739028931,0.068904265761375427,0.22551837563514709
767,0.11521602421998978,0.28258779644966125,0.068924799561500549,0.22557838261127472
768,0.11060063540935516,0.27461984753608704,0.068962261080741882,0.2256769984960556
769,0.11859260499477386,0.28320124745368958,0.068927548825740814,0.2256033718585968
770,0.1128234788775444,0.27294132113456726,0.068849414587020874,0.22541971504688263
771,0.10656987130641937,0.27307888865470886,0.068858444690704346,0.22545059025287628
772,0.11349204182624817,0.27481815218925476,0.068796120584011078,0.22530241310596466
773,0.11923374235630035,0.27826198935508728,0.068825945258140564,0.22538720071315765
774,0.11106695979833603,0.27328997850418091,0.068806484341621399,0.22534874081611633
775,0.11747124791145325,0.27876237034797668,0.068755015730857849,0.2252240926027298
776,0.10857376456260681,0.27058228850364685,0.068775802850723267,0.22528879344463348
777,0.1170148104429245,0.28663793206214905,0.068770937621593475,0.22528655827045441
778,0.1167808473110199,0.28097495436668396,0.068712472915649414,0.22514526546001434
779,0.11707894504070282,0.2889438271522522,0.068653956055641174,0.22500751912593842
780,0.11681114137172699,0.2848200798034668,0.068635515868663788,0.22497083246707916
781,0.11174247413873672,0.27340880036354065,0.068630807101726532,0.22496730089187622
782,0.11466056853532791,0.27656099200248718,0.068615689873695374,0.22493822872638702
783,0.1263144463300705,0.29635486006736755,0.068666063249111176,0.22507712244987488
784,0.10204631835222244,0.26087218523025513,0.068675145506858826,0.22510857880115509
785,0.10752762854099274,0.27004563808441162,0.068668775260448456,0.22510187327861786
786,0.11691669374704361,0.2846626341342926,0.068670332431793213,0.22511537373065948
787,0.11877256631851196,0.28641238808631897,0.06872403621673584,0.2252562940120697
788,0.12080500274896622,0.29327952861785889,0.068717308342456818,0.22524921596050262
789,0.11585091799497604,0.28541401028633118,0.06866956502199173,0.22514255344867706
790,0.11838062852621078,0.28572949767112732,0.068612754344940186,0.22501176595687866
791,0.11558384448289871,0.28254109621047974,0.068608775734901428,0.22500985860824585
792,0.11886993050575256,0.28121957182884216,0.068562023341655731,0.22489911317825317
793,0.10609618574380875,0.27081117033958435,0.068531937897205353,0.22483202815055847
794,0.10920953005552292,0.27317476272583008,0.068603120744228363,0.22502383589744568
795,0.12597128748893738,0.29400241374969482,0.068592384457588196,0.22500802576541901
796,0.12451420724391937,0.29220330715179443,0.068575166165828705,0.22497557103633881
797,0.11763696372509003,0.28078576922416687,0.068479448556900024,0.22474074363708496
798,0.11461038887500763,0.27968835830688477,0.068502001464366913,0.22481082379817963
799,0.11681459099054337,0.28406745195388794,0.068488985300064087,0.22478938102722168
800,0.11261327564716339,0.27530616521835327,0.068466223776340485,0.2247382253408432
801,0.12987424433231354,0.29950088262557983,0.06838361918926239,0.22452843189239502
802,0.11148640513420105,0.2727581262588501,0.068404711782932281,0.22459989786148071
803,0.1110549196600914,0.27786791324615479,0.06837502121925354,0.22453510761260986
804,0.11913639307022095,0.28097102046012878,0.068354316055774689,0.2244897186756134
805,0.1122947633266449,0.28022852540016174,0.068335697054862976,0.22444978356361389
806,0.11922898143529892,0.28955480456352234,0.06832258403301239,0.22442503273487091
807,0.11141741275787354,0.27116143703460693,0.068330533802509308,0.22445863485336304
808,0.12045669555664062,0.28541341423988342,0.068281739950180054,0.22434273362159729
809,0.12347188591957092,0.28781640529632568,0.068236522376537323,0.22424396872520447
810,0.11944179981946945,0.28810292482376099,0.068209484219551086,0.22418738901615143
811,0.1109863668680191,0.27958494424819946,0.068195603787899017,0.2241625040769577
812,0.11959611624479294,0.28370511531829834,0.068205587565898895,0.22419381141662598
813,0.11526177823543549,0.28185376524925232,0.068209446966648102,0.2242102175951004
814,0.10841077566146851,0.27587288618087769,0.068196490406990051,0.22418674826622009
815,0.12150295823812485,0.28984573483467102,0.0681648850440979,0.22412203252315521
816,0.11993019282817841,0.28493419289588928,0.068172529339790344,0.22414751350879669
817,0.12214037775993347,0.28768390417098999,0.068173639476299286,0.22416020929813385
818,0.12352040410041809,0.29231241345405579,0.068141378462314606,0.22408725321292877
819,0.11314332485198975,0.27898362278938293,0.068116605281829834,0.22403538227081299
820,0.11671222746372223,0.28207343816757202,0.068164616823196411,0.22417242825031281
821,0.1176622062921524,0.28195017576217651,0.068194158375263214,0.22426320612430573
822,0.10615383088588715,0.27414706349372864,0.068154625594615936,0.22416816651821136
823,0.11956742405891418,0.28998014330863953,0.06814286857843399,0.2241472452878952
824,0.11445129662752151,0.284576416015625,0.068176887929439545,0.22424682974815369
825,0.11559458822011948,0.28777220845222473,0.068189390003681183,0.22429004311561584
826,0.10970892012119293,0.27345597743988037,0.068199038505554199,0.22432087361812592
827,0.11597217619419098,0.27990487217903137,0.068155750632286072,0.22422139346599579
828,0.11015928536653519,0.27627629041671753,0.06818041205406189,0.22429268062114716
829,0.10663527995347977,0.26910430192947388,0.068143658339977264,0.22420977056026459
830,0.12038816511631012,0.28886935114860535,0.068121060729026794,0.224161297082901
831,0.11968525499105453,0.2836342453956604,0.068148665130138397,0.22424040734767914
832,0.12383828312158585,0.28974911570549011,0.068140558898448944,0.22422729432582855
833,0.11051435768604279,0.2727283239364624,0.068059749901294708,0.22403289377689362
834,0.1125180795788765,0.28022205829620361,0.068029426038265228,0.22396349906921387
835,0.11427322030067444,0.2817731499671936,0.068050242960453033,0.22403089702129364
836,0.1155456006526947,0.28424248099327087,0.067959584295749664,0.22379858791828156
837,0.12447850406169891,0.29394784569740295,0.067983850836753845,0.22387820482254028
838,0.11233832687139511,0.27741166949272156,0.068035133183002472,0.22402071952819824
839,0.11218742281198502,0.27485460042953491,0.067945919930934906,0.22379650175571442
840,0.10945368558168411,0.27342149615287781,0.067978508770465851,0.223892942070961
841,0.11611124873161316,0.28158453106880188,0.067885763943195343,0.22365182638168335
842,0.11824445426464081,0.28541514277458191,0.067882411181926727,0.22365301847457886
843,0.10952087491750717,0.27381116151809692,0.067888706922531128,0.22368183732032776
844,0.11954506486654282,0.28807279467582703,0.067869812250137329,0.22364015877246857
845,0.1110982671380043,0.27630987763404846,0.067855037748813629,0.22361075878143311
846,0.11844418942928314,0.28468930721282959,0.06790643185377121,0.22376099228858948
847,0.10610024631023407,0.26948210597038269,0.067897923290729523,0.2237478643655777
848,0.11593081802129745,0.28147432208061218,0.067996188998222351,0.22399814426898956
849,0.11008549481630325,0.27584278583526611,0.06800387054681778,0.22402288019657135
850,0.10275838524103165,0.26604929566383362,0.067950032651424408,0.22390028834342957
851,0.11606486141681671,0.28257209062576294,0.067882895469665527,0.22374247014522552
852,0.10838169604539871,0.27585458755493164,0.067868776619434357,0.22371567785739899
853,0.11770270019769669,0.28784111142158508,0.067875519394874573,0.22374208271503448
854,0.11355375498533249,0.28086727857589722,0.06791309267282486,0.22384317219257355
855,0.11341686546802521,0.27344056963920593,0.067815564572811127,0.22360891103744507
856,0.1141434907913208,0.28020551800727844,0.067813821136951447,0.22361548244953156
857,0.11349137127399445,0.27659210562705994,0.067816473543643951,0.22363096475601196
858,0.11695905774831772,0.28402158617973328,0.067845799028873444,0.22371286153793335
859,0.11035667359828949,0.27880263328552246,0.067877814173698425,0.22379779815673828
860,0.1062060222029686,0.27015870809555054,0.067870587110519409,0.22378906607627869
861,0.11513584107160568,0.27677264809608459,0.067829221487045288,0.22369770705699921
862,0.11242952942848206,0.27910012006759644,0.067832976579666138,0.22371426224708557
863,0.10719344019889832,0.27020445466041565,0.067773193120956421,0.22357794642448425
864,0.12205676734447479,0.2909015417098999,0.067806951701641083,0.22366827726364136
865,0.111916683614254,0.27744385600090027,0.06776505708694458,0.22357553243637085
866,0.10781548172235489,0.27321019768714905,0.067674219608306885,0.22335270047187805
867,0.10177946090698242,0.26042687892913818,0.067620597779750824,0.22321459650993347
868,0.11784403026103973,0.28175875544548035,0.067588083446025848,0.22313304245471954
869,0.10889787971973419,0.27155521512031555,0.067555055022239685,0.2230505645275116
870,0.11366891860961914,0.28165793418884277,0.067575447261333466,0.22312191128730774
871,0.11106143891811371,0.27800765633583069,0.067529655992984772,0.22300411760807037
872,0.11427658051252365,0.27779290080070496,0.067514635622501373,0.22297483682632446
873,0.11326032131910324,0.27790483832359314,0.067496694624423981,0.22293537855148315
874,0.10548631846904755,0.26588931679725647,0.067461311817169189,0.22284801304340363
875,0.11570567637681961,0.28635677695274353,0.067480951547622681,0.22291463613510132
876,0.11102923005819321,0.2722950279712677,0.067529954016208649,0.22306513786315918
877,0.1208188459277153,0.28663095831871033,0.067475304007530212,0.22292444109916687
878,0.11144427955150604,0.27905118465423584,0.067444682121276855,0.22285124659538269
879,0.1146935373544693,0.27864527702331543,0.067440502345561981,0.22285124659538269
880,0.12221634387969971,0.28877565264701843,0.067387513816356659,0.22271247208118439
881,0.12020967155694962,0.29110932350158691,0.067452810704708099,0.22291260957717896
882,0.10470549762248993,0.25963029265403748,0.067468591034412384,0.22296468913555145
883,0.10633296519517899,0.2674068808555603,0.067468114197254181,0.22297252714633942
884,0.1122337281703949,0.27993032336235046,0.067405834794044495,0.22281472384929657
885,0.10824742168188095,0.27358224987983704,0.06739208847284317,0.22278691828250885
886,0.1118609756231308,0.27987933158874512,0.067423000931739807,0.22288542985916138
887,0.11105240881443024,0.27191972732543945,0.06747911125421524,0.22304181754589081
888,0.1190108060836792,0.28763872385025024,0.06741633266210556,0.22289052605628967
889,0.12268108129501343,0.29277792572975159,0.067399710416793823,0.22285456955432892
890,0.11400270462036133,0.28014114499092102,0.067419655621051788,0.22291766107082367
891,0.10771524161100388,0.2713865339756012,0.06733991950750351,0.22271297872066498
892,0.11306053400039673,0.27456909418106079,0.06730034202337265,0.22261345386505127
893,0.12523235380649567,0.30266660451889038,0.067329220473766327,0.22270792722702026
894,0.11416710168123245,0.28218317031860352,0.067325666546821594,0.22270700335502625
895,0.10232020169496536,0.26818397641181946,0.067301087081432343,0.22264933586120605
896,0.1098976731300354,0.27635475993156433,0.067329160869121552,0.22273725271224976
897,0.11801116913557053,0.28944322466850281,0.067290015518665314,0.22264091670513153
898,0.11265429109334946,0.27645045518875122,0.067294411361217499,0.22266416251659393
899,0.11116424202919006,0.27614894509315491,0.067313775420188904,0.22272543609142303
900,0.108309306204319,0.272929847240448,0.067306056618690491,0.22271247208118439
901,0.10881998389959335,0.27274984121322632,0.067306660115718842,0.22272203862667084
902,0.1142522320151329,0.27617287635803223,0.067217789590358734,0.22249361872673035
903,0.11740134656429291,0.28186661005020142,0.067301660776138306,0.22272597253322601
904,0.11322955042123795,0.28125849366188049,0.067279726266860962,0.22267992794513702
905,0.11204590648412704,0.2795274555683136,0.067301727831363678,0.22274325788021088
906,0.11802758276462555,0.28573384881019592,0.067272976040840149,0.22267919778823853
907,0.11246468126773834,0.27182886004447937,0.067214637994766235,0.22253574430942535
908,0.11289248615503311,0.27391490340232849,0.067174836993217468,0.22243830561637878
909,0.11723962426185608,0.28938239812850952,0.067158065736293793,0.22240433096885681
910,0.11010027676820755,0.27642828226089478,0.067173711955547333,0.22245565056800842
911,0.11211468279361725,0.27723249793052673,0.067203499376773834,0.22254282236099243
912,0.10877929627895355,0.2719796895980835,0.067212902009487152,0.22257231175899506
913,0.1031200960278511,0.26584726572036743,0.06725204735994339,0.22267431020736694
914,0.11999421566724777,0.28758007287979126,0.067359097301959991,0.22296412289142609
915,0.1079304963350296,0.2758864164352417,0.067326337099075317,0.22288720309734344
916,0.10805551707744598,0.27072793245315552,0.067319981753826141,0.22288085520267487
917,0.1039794534444809,0.26614132523536682,0.067296735942363739,0.22282876074314117
918,0.10605970025062561,0.26663026213645935,0.067284569144248962,0.22280634939670563
919,0.11062301695346832,0.27609860897064209,0.067214123904705048,0.22262638807296753
920,0.11075089126825333,0.27568301558494568,0.067189879715442657,0.2225719541311264
921,0.10765653103590012,0.27734556794166565,0.067196108400821686,0.22259637713432312
922,0.11221437156200409,0.27310436964035034,0.067203022539615631,0.22262613475322723
923,0.11193545162677765,0.27673843502998352,0.067179761826992035,0.22257216274738312
924,0.110321044921875,0.27288472652435303,0.067146852612495422,0.22249485552310944
925,0.10604164749383926,0.2691023051738739,0.067104540765285492,0.22239711880683899
926,0.10613680630922318,0.26959720253944397,0.067076712846755981,0.22233664989471436
927,0.12461356818675995,0.29192349314689636,0.067052051424980164,0.22228318452835083
928,0.11205530911684036,0.27331101894378662,0.067026294767856598,0.22222800552845001
929,0.1148516982793808,0.27922233939170837,0.066950440406799316,0.2220359742641449
930,0.11173664033412933,0.27413350343704224,0.066961288452148438,0.22207620739936829
931,0.10694552212953568,0.27122360467910767,0.066936753690242767,0.2220190167427063
932,0.10651738941669464,0.26589569449424744,0.066877454519271851,0.22186525166034698
933,0.1111820712685585,0.27346667647361755,0.06679842621088028,0.22164203226566315
934,0.10667312890291214,0.2704317569732666,0.066777586936950684,0.22158852219581604
935,0.11130627244710922,0.27586382627487183,0.066798396408557892,0.22166556119918823
936,0.10925503075122833,0.27090722322463989,0.066766656935214996,0.22158095240592957
937,0.1046905517578125,0.26136082410812378,0.066728852689266205,0.22147813439369202
938,0.10084544122219086,0.26214224100112915,0.066706426441669464,0.22142702341079712
939,0.10973027348518372,0.27496802806854248,0.066686362028121948,0.22138293087482452
940,0.11082645505666733,0.27483618259429932,0.066687144339084625,0.22139683365821838
941,0.11584604531526566,0.2868615984916687,0.066722817718982697,0.22151800990104675
942,0.10504733026027679,0.26746982336044312,0.066765144467353821,0.22165639698505402
943,0.10231802612543106,0.26562649011611938,0.066742219030857086,0.22160160541534424
944,0.11844655126333237,0.28936401009559631,0.06674262136220932,0.22161512076854706
945,0.10434310138225555,0.26407811045646667,0.066687047481536865,0.2214609682559967
946,0.1161864697933197,0.28307032585144043,0.066695339977741241,0.22149942815303802
947,0.10700879991054535,0.26835861802101135,0.066715650260448456,0.2215690016746521
948,0.10803022980690002,0.26963207125663757,0.066809378564357758,0.22183419764041901
949,0.11261691153049469,0.27388888597488403,0.066825747489929199,0.2218833863735199
950,0.10655064135789871,0.27034926414489746,0.066792242228984833,0.22180713713169098
951,0.11266224086284637,0.27879038453102112,0.066756494343280792,0.22172483801841736
952,0.10741490870714188,0.27267792820930481,0.066733300685882568,0.22167061269283295
953,0.11431660503149033,0.2792590856552124,0.066648572683334351,0.22144721448421478
954,0.11414842307567596,0.27350479364395142,0.066588111221790314,0.22127708792686462
955,0.10114473104476929,0.26177790760993958,0.06659281998872757,0.22130566835403442
956,0.11137177050113678,0.27984219789505005,0.066606149077415466,0.22135742008686066
957,0.0992087721824646,0.25650280714035034,0.066604316234588623,0.2213624119758606
958,0.10938518494367599,0.27497965097427368,0.066622123122215271,0.22142535448074341
959,0.10999758541584015,0.27835351228713989,0.066613100469112396,0.22141152620315552
960,0.10580853372812271,0.27261057496070862,0.066593527793884277,0.22136643528938293
961,0.10559631884098053,0.27179989218711853,0.066598393023014069,0.22139029204845428
962,0.10974515974521637,0.26844987273216248,0.066557459533214569,0.22128704190254211
963,0.11114255338907242,0.27505883574485779,0.066557906568050385,0.22129902243614197
964,0.11798445880413055,0.28401315212249756,0.066538117825984955,0.22125343978404999
965,0.11190507560968399,0.27940157055854797,0.066542297601699829,0.22127725183963776
966,0.11081933230161667,0.27720341086387634,0.06654725968837738,0.22130443155765533
967,0.10344020277261734,0.26762470602989197,0.066538192331790924,0.22129110991954803
968,0.11086758971214294,0.27497607469558716,0.06656268984079361,0.22136661410331726
969,0.10617542266845703,0.26570609211921692,0.066538266837596893,0.22131037712097168
970,0.1137058213353157,0.27997183799743652,0.066501587629318237,0.22121796011924744
971,0.10639107227325439,0.26965129375457764,0.066479280591011047,0.22116628289222717
972,0.1208273321390152,0.29257124662399292,0.06644795835018158,0.22108542919158936
973,0.10744405537843704,0.27567237615585327,0.066447228193283081,0.2210947573184967
974,0.10580318421125412,0.27525153756141663,0.066393449902534485,0.22094994783401489
975,0.10710256546735764,0.26889032125473022,0.066414028406143188,0.22102220356464386
976,0.11217109858989716,0.27919340133666992,0.066439338028430939,0.22110815346240997
977,0.10468858480453491,0.26524057984352112,0.066446579992771149,0.22113731503486633
978,0.11389971524477005,0.28333675861358643,0.066480956971645355,0.22124060988426208
979,0.1014535203576088,0.26278716325759888,0.066386841237545013,0.22099652886390686
980,0.10064564645290375,0.26179182529449463,0.066363245248794556,0.22094181180000305
981,0.11407632380723953,0.27926066517829895,0.066369950771331787,0.22097128629684448
982,0.10641048103570938,0.27344930171966553,0.066437423229217529,0.22116240859031677
983,0.099275991320610046,0.25765642523765564,0.066392034292221069,0.22104865312576294
984,0.10344351083040237,0.2635904848575592,0.066440925002098083,0.22118261456489563
985,0.10871962457895279,0.27118781208992004,0.066462971270084381,0.22125361859798431
986,0.11264943331480026,0.27862700819969177,0.066411137580871582,0.22112330794334412
987,0.10579214990139008,0.27076390385627747,0.066453546285629272,0.22125206887722015
988,0.10941906273365021,0.27616101503372192,0.066400535404682159,0.22111433744430542
989,0.11018680781126022,0.27059373259544373,0.066362664103507996,0.22102412581443787
990,0.098908081650733948,0.25670760869979858,0.066337458789348602,0.22096651792526245
991,0.11208826303482056,0.27784806489944458,0.066300094127655029,0.22087544202804565
992,0.10532595962285995,0.26951161026954651,0.066176414489746094,0.22052939236164093
993,0.10917993634939194,0.2789807915687561,0.066153772175312042,0.22047172486782074
994,0.115728959441185,0.28143534064292908,0.066163517534732819,0.22051490843296051
995,0.10346480458974838,0.26957711577415466,0.066180214285850525,0.2205784022808075
996,0.10698610544204712,0.2682860791683197,0.066260792315006256,0.22081466019153595
997,0.10886000841856003,0.27374541759490967,0.066210724413394928,0.22068765759468079
998,0.1048603281378746,0.26788771152496338,0.066225379705429077,0.22073595225811005
999,0.10580026358366013,0.27232104539871216,0.066191218793392181,0.22065302729606628
